2025-12-10 10:03:03.870 NuevoAlbaranFragment: onCreateView: start
2025-12-10 10:03:12.106 DocumentPreprocessorOpenCv: preprocessAndSavePdfWithOpenCv: start (w=1152, h=2048)
2025-12-10 10:03:15.056 DocumentPreprocessorOpenCv: saved preproc PDF=/storage/emulated/0/Android/data/com.albacontrol/files/templates_debug/preproc_1765357392077.pdf
2025-12-10 10:03:15.978 DocumentPreprocessorOpenCv: preprocessAndSavePdfWithOpenCv: finished
2025-12-10 10:03:16.031 OcrProcessor: processBitmap: start (w=1604, h=2223)
2025-12-10 10:03:26.512 OcrProcessor: processBitmap: finished, result provider='Copm mmm' nif='null' blocks=32
2025-12-10 10:05:18.864 OcrProcessor: processBitmap: start (w=1604, h=2223)
2025-12-10 10:05:26.805 OcrProcessor: processBitmap: start (w=1604, h=2223)
2025-12-10 10:05:28.929 OcrProcessor: processBitmap: finished, result provider='Copm mmm' nif='null' blocks=32
2025-12-10 10:05:39.911 NuevoAlbaranFragment: onCreateView: start
2025-12-10 10:05:50.133 DocumentPreprocessorOpenCv: preprocessAndSavePdfWithOpenCv: start (w=1152, h=2048)
2025-12-10 10:05:53.096 DocumentPreprocessorOpenCv: saved preproc PDF=/storage/emulated/0/Android/data/com.albacontrol/files/templates_debug/preproc_1765357550131.pdf
2025-12-10 10:05:54.024 DocumentPreprocessorOpenCv: preprocessAndSavePdfWithOpenCv: finished
2025-12-10 10:05:54.084 OcrProcessor: processBitmap: start (w=1604, h=2223)
2025-12-10 10:06:04.474 OcrProcessor: processBitmap: finished, result provider='Copm mmm' nif='null' blocks=32
2025-12-10 12:17:16.440 NuevoAlbaranFragment: onCreateView: start
2025-12-10 12:17:24.123 DocumentPreprocessorOpenCv: preprocessAndSavePdfWithOpenCv: start (w=1152, h=2048)
2025-12-10 12:17:27.099 DocumentPreprocessorOpenCv: saved preproc PDF=/storage/emulated/0/Android/data/com.albacontrol/files/templates_debug/preproc_1765365444080.pdf
2025-12-10 12:17:28.020 DocumentPreprocessorOpenCv: preprocessAndSavePdfWithOpenCv: finished
2025-12-10 12:17:28.030 DetectorHelper: createDetector: model=models/model.tflite maxResults=8 scoreThreshold=0.35
2025-12-10 12:17:28.170 OcrProcessor: processBitmap: start (w=1604, h=2223)
2025-12-10 12:17:38.592 OcrProcessor: processBitmap: finished, result provider='Copm mmm' nif='null' blocks=32
2025-12-10 12:17:56.992 TessOcrProcessor: processBitmap: start (w=1152, h=35)
2025-12-10 12:17:57.802 TessOcrProcessor: processBitmap: start (w=1152, h=2048)
2025-12-10 12:17:58.606 TessOcrProcessor: processBitmap: start (w=1152, h=35)
2025-12-10 12:17:58.857 TessOcrProcessor: processBitmap: start (w=1152, h=35)
2025-12-10 12:17:59.381 TessOcrProcessor: processBitmap: start (w=1152, h=2048)
2025-12-10 12:17:59.625 TessOcrProcessor: processBitmap: start (w=1152, h=2048)
2025-12-10 12:18:02.239 TessOcrProcessor: processBitmap: start (w=1152, h=35)
2025-12-10 12:18:02.571 TessOcrProcessor: processBitmap: start (w=1152, h=35)
2025-12-10 12:18:03.129 TessOcrProcessor: processBitmap: start (w=1152, h=2048)
2025-12-10 12:18:04.231 TessOcrProcessor: processBitmap: start (w=1152, h=2048)
2025-12-10 12:18:29.471 TessOcrProcessor: processBitmap: start (w=1152, h=2048)
2025-12-10 12:18:32.987 TessOcrProcessor: processBitmap: start (w=1152, h=2048)
2025-12-10 12:18:34.879 TessOcrProcessor: processBitmap: start (w=1152, h=2048)
2025-12-10 12:18:37.822 TessOcrProcessor: processBitmap: start (w=1152, h=2048)
2025-12-10 12:18:40.514 TessOcrProcessor: processBitmap: start (w=1152, h=2048)
2025-12-10 12:19:10.638 TessOcrProcessor: processBitmap: start (w=1152, h=2048)
2025-12-10 12:19:10.882 TessOcrProcessor: processBitmap: start (w=1152, h=2048)
2025-12-10 12:19:12.179 TessOcrProcessor: processBitmap: start (w=1152, h=2048)
2025-12-10 12:19:14.409 TessOcrProcessor: processBitmap: start (w=1152, h=2048)
2025-12-10 12:19:18.496 TessOcrProcessor: processBitmap: start (w=1152, h=2048)
2025-12-10 12:19:40.014 OcrProcessor: processBitmap: start (w=1604, h=2223)
2025-12-10 12:19:47.866 TessOcrProcessor: processBitmap: start (w=1152, h=35)
2025-12-10 12:19:47.908 TessOcrProcessor: processBitmap: start (w=1152, h=35)
2025-12-10 12:19:50.883 TessOcrProcessor: processBitmap: start (w=1152, h=35)
2025-12-10 12:19:51.314 TessOcrProcessor: processBitmap: start (w=1152, h=35)
2025-12-10 12:19:51.824 TessOcrProcessor: processBitmap: start (w=1152, h=35)
2025-12-10 12:19:52.268 TessOcrProcessor: processBitmap: start (w=1152, h=35)
2025-12-10 12:19:53.142 TessOcrProcessor: processBitmap: start (w=1050, h=30)
2025-12-10 12:19:53.661 TessOcrProcessor: processBitmap: start (w=1050, h=30)
2025-12-10 12:19:54.332 TessOcrProcessor: processBitmap: start (w=1050, h=30)
2025-12-10 12:19:54.549 TessOcrProcessor: processBitmap: start (w=1152, h=35)
2025-12-10 12:19:55.850 TessOcrProcessor: processBitmap: start (w=1152, h=35)
2025-12-10 12:19:56.687 OcrProcessor: processBitmap: finished, result provider='Copm mmm' nif='null' blocks=32
2025-12-10 12:19:56.829 TessOcrProcessor: processBitmap: start (w=1050, h=30)
2025-12-10 12:19:57.025 TessOcrProcessor: processBitmap: start (w=1152, h=35)
2025-12-10 12:20:55.666 NuevoAlbaranFragment: onCreateView: start
2025-12-10 12:21:13.602 DocumentPreprocessorOpenCv: preprocessAndSavePdfWithOpenCv: start (w=1152, h=2048)
2025-12-10 12:21:16.155 DocumentPreprocessorOpenCv: saved preproc PDF=/storage/emulated/0/Android/data/com.albacontrol/files/templates_debug/preproc_1765365673601.pdf
2025-12-10 12:21:17.076 DocumentPreprocessorOpenCv: preprocessAndSavePdfWithOpenCv: finished
2025-12-10 12:21:17.078 DetectorHelper: createDetector: model=models/model.tflite maxResults=8 scoreThreshold=0.35
2025-12-10 12:21:17.263 OcrProcessor: processBitmap: start (w=1604, h=2223)
2025-12-10 12:21:27.702 OcrProcessor: processBitmap: finished, result provider='Copm mmm' nif='null' blocks=32
2025-12-10 12:28:38.394 NuevoAlbaranFragment: onCreateView: start
2025-12-10 12:28:39.140 NuevoAlbaranFragment: onCreateView: start
2025-12-10 12:38:59.181 NuevoAlbaranFragment: onCreateView: start
2025-12-10 12:39:13.204 DocumentPreprocessorOpenCv: preprocessAndSavePdfWithOpenCv: start (w=1152, h=2048)
2025-12-10 12:39:15.735 DocumentPreprocessorOpenCv: saved preproc PDF=/storage/emulated/0/Android/data/com.albacontrol/files/templates_debug/preproc_1765366753203.pdf
2025-12-10 12:39:16.656 DocumentPreprocessorOpenCv: preprocessAndSavePdfWithOpenCv: finished
2025-12-10 12:39:16.658 DetectorHelper: createDetector: model=models/model.tflite maxResults=8 scoreThreshold=0.35
2025-12-10 12:39:16.758 OcrProcessor: processBitmap: start (w=1604, h=2223)
2025-12-10 12:39:27.212 OcrProcessor: processBitmap: finished, result provider='Copm mmm' nif='null' blocks=32
2025-12-10 12:40:00.248 TessOcrProcessor: processBitmap: start (w=1152, h=35)
2025-12-10 12:40:01.080 TessOcrProcessor: processBitmap: start (w=1152, h=2048)
2025-12-10 12:40:02.299 TessOcrProcessor: processBitmap: start (w=1152, h=35)
2025-12-10 12:40:02.508 TessOcrProcessor: processBitmap: start (w=1152, h=35)
2025-12-10 12:40:03.075 TessOcrProcessor: processBitmap: start (w=1152, h=2048)
2025-12-10 12:40:03.338 TessOcrProcessor: processBitmap: start (w=1152, h=2048)
2025-12-10 12:40:04.611 TessOcrProcessor: processBitmap: start (w=1152, h=35)
2025-12-10 12:40:05.022 TessOcrProcessor: processBitmap: start (w=1152, h=35)
2025-12-10 12:40:05.494 TessOcrProcessor: processBitmap: start (w=1152, h=2048)
2025-12-10 12:40:06.381 TessOcrProcessor: processBitmap: start (w=1152, h=2048)
2025-12-10 12:40:35.250 TessOcrProcessor: processBitmap: start (w=1152, h=2048)
2025-12-10 12:40:38.472 TessOcrProcessor: processBitmap: start (w=1152, h=2048)
2025-12-10 12:40:40.076 TessOcrProcessor: processBitmap: start (w=1152, h=2048)
2025-12-10 12:40:43.859 TessOcrProcessor: processBitmap: start (w=1152, h=2048)
2025-12-10 12:40:43.910 TessOcrProcessor: processBitmap: start (w=1152, h=2048)
2025-12-10 12:41:10.384 TessOcrProcessor: processBitmap: start (w=1152, h=2048)
2025-12-10 12:41:16.107 TessOcrProcessor: processBitmap: start (w=1152, h=2048)
2025-12-10 12:41:16.193 TessOcrProcessor: processBitmap: start (w=1152, h=2048)
2025-12-10 12:41:21.551 TessOcrProcessor: processBitmap: start (w=1152, h=2048)
2025-12-10 12:41:22.986 OcrProcessor: processBitmap: start (w=1604, h=2223)
2025-12-10 12:41:22.992 TessOcrProcessor: processBitmap: start (w=1152, h=2048)
2025-12-10 12:41:42.673 OcrProcessor: processBitmap: start (w=1604, h=2223)
2025-12-10 12:41:42.692 OcrProcessor: processBitmap: finished, result provider='Copm mmm' nif='null' blocks=32
2025-12-10 12:41:54.890 NuevoAlbaranFragment: onCreateView: start
2025-12-10 12:42:06.285 DocumentPreprocessorOpenCv: preprocessAndSavePdfWithOpenCv: start (w=1152, h=2048)
2025-12-10 12:42:09.240 DocumentPreprocessorOpenCv: saved preproc PDF=/storage/emulated/0/Android/data/com.albacontrol/files/templates_debug/preproc_1765366926282.pdf
2025-12-10 12:42:10.159 DocumentPreprocessorOpenCv: preprocessAndSavePdfWithOpenCv: finished
2025-12-10 12:42:10.162 DetectorHelper: createDetector: model=models/model.tflite maxResults=8 scoreThreshold=0.35
2025-12-10 12:42:10.276 OcrProcessor: processBitmap: start (w=1604, h=2223)
2025-12-10 12:42:20.592 OcrProcessor: processBitmap: finished, result provider='Copm mmm' nif='null' blocks=32
2025-12-10 12:54:31.329 NuevoAlbaranFragment: onCreateView: start
2025-12-10 12:54:46.451 DocumentPreprocessorOpenCv: preprocessAndSavePdfWithOpenCv: start (w=1152, h=2048)
2025-12-10 12:54:49.394 DocumentPreprocessorOpenCv: saved preproc PDF=/storage/emulated/0/Android/data/com.albacontrol/files/templates_debug/preproc_1765367686448.pdf
2025-12-10 12:54:50.322 DocumentPreprocessorOpenCv: preprocessAndSavePdfWithOpenCv: finished
2025-12-10 12:54:50.325 DetectorHelper: createDetector: model=models/model.tflite maxResults=8 scoreThreshold=0.35
2025-12-10 12:54:50.386 DetectorHelper: createDetector error: Error getting native address of native library: task_vision_jni
2025-12-10 12:54:50.439 OcrProcessor: processBitmap: start (w=1604, h=2223)
2025-12-10 12:55:01.114 OcrProcessor: processBitmap: finished, result provider='Copm mmm' nif='null' blocks=32
2025-12-10 12:55:20.117 TessOcrProcessor: processBitmap: start (w=1152, h=35)
2025-12-10 12:55:20.942 TessOcrProcessor: processBitmap: start (w=1152, h=2048)
2025-12-10 12:55:22.840 TessOcrProcessor: processBitmap: start (w=1152, h=35)
2025-12-10 12:55:23.079 TessOcrProcessor: processBitmap: start (w=1152, h=35)
2025-12-10 12:55:23.613 TessOcrProcessor: processBitmap: start (w=1152, h=2048)
2025-12-10 12:55:23.846 TessOcrProcessor: processBitmap: start (w=1152, h=2048)
2025-12-10 12:55:24.711 TessOcrProcessor: processBitmap: start (w=1152, h=35)
2025-12-10 12:55:25.017 TessOcrProcessor: processBitmap: start (w=1152, h=35)
2025-12-10 12:55:25.698 TessOcrProcessor: processBitmap: start (w=1152, h=2048)
2025-12-10 12:55:27.126 TessOcrProcessor: processBitmap: start (w=1152, h=2048)
2025-12-10 12:55:51.714 TessOcrProcessor: processBitmap: start (w=1152, h=2048)
2025-12-10 12:55:55.396 TessOcrProcessor: processBitmap: start (w=1152, h=2048)
2025-12-10 12:55:56.091 TessOcrProcessor: processBitmap: start (w=1152, h=2048)
2025-12-10 12:55:59.955 TessOcrProcessor: processBitmap: start (w=1152, h=2048)
2025-12-10 12:56:08.540 TessOcrProcessor: processBitmap: start (w=1152, h=2048)
2025-12-10 12:56:28.410 TessOcrProcessor: processBitmap: start (w=1152, h=2048)
2025-12-10 12:56:34.797 TessOcrProcessor: processBitmap: start (w=1152, h=2048)
2025-12-10 12:56:35.130 TessOcrProcessor: processBitmap: start (w=1152, h=2048)
2025-12-10 12:56:40.236 TessOcrProcessor: processBitmap: start (w=1152, h=2048)
2025-12-10 12:56:41.153 TessOcrProcessor: processBitmap: start (w=1152, h=2048)
2025-12-10 12:57:00.747 OcrProcessor: processBitmap: start (w=1604, h=2223)
2025-12-10 12:57:02.192 TessOcrProcessor: processBitmap: start (w=1152, h=35)
2025-12-10 12:57:03.243 TessOcrProcessor: processBitmap: start (w=1152, h=35)
2025-12-10 12:57:05.620 TessOcrProcessor: processBitmap: start (w=1050, h=30)
2025-12-10 12:57:08.853 TessOcrProcessor: processBitmap: start (w=1152, h=35)
2025-12-10 12:57:11.541 TessOcrProcessor: processBitmap: start (w=1152, h=35)
2025-12-10 12:57:12.608 TessOcrProcessor: processBitmap: start (w=1152, h=35)
2025-12-10 12:57:12.915 TessOcrProcessor: processBitmap: start (w=1050, h=30)
2025-12-10 12:57:14.648 TessOcrProcessor: processBitmap: start (w=1152, h=35)
2025-12-10 12:57:15.729 TessOcrProcessor: processBitmap: start (w=1050, h=30)
2025-12-10 12:57:16.429 TessOcrProcessor: processBitmap: start (w=1152, h=35)
2025-12-10 12:57:16.736 TessOcrProcessor: processBitmap: start (w=1152, h=35)
2025-12-10 12:57:17.408 TessOcrProcessor: processBitmap: start (w=1152, h=35)
2025-12-10 12:57:17.743 TessOcrProcessor: processBitmap: start (w=1152, h=35)
2025-12-10 12:57:17.975 OcrProcessor: processBitmap: finished, result provider='Copm mmm' nif='null' blocks=32
2025-12-10 12:57:18.339 TessOcrProcessor: processBitmap: start (w=1050, h=30)
2025-12-10 12:57:24.597 NuevoAlbaranFragment: onCreateView: start
2025-12-10 12:57:32.661 DocumentPreprocessorOpenCv: preprocessAndSavePdfWithOpenCv: start (w=1152, h=2048)
2025-12-10 12:57:35.205 DocumentPreprocessorOpenCv: saved preproc PDF=/storage/emulated/0/Android/data/com.albacontrol/files/templates_debug/preproc_1765367852660.pdf
2025-12-10 12:57:36.128 DocumentPreprocessorOpenCv: preprocessAndSavePdfWithOpenCv: finished
2025-12-10 12:57:36.130 DetectorHelper: createDetector: model=models/model.tflite maxResults=8 scoreThreshold=0.35
2025-12-10 12:57:36.132 DetectorHelper: createDetector error: Error getting native address of native library: task_vision_jni
2025-12-10 12:57:36.168 OcrProcessor: processBitmap: start (w=1604, h=2223)
2025-12-10 12:57:46.862 OcrProcessor: processBitmap: finished, result provider='Copm mmm' nif='null' blocks=32
