152-12-03 17:12:40.204 29768 29768 D AlbaTpl : applyTemplateIfExists: candidates nif='B59803825' proveedor='BIMBO'
153-12-03 17:12:40.215 29768 29768 D AlbaTpl : template matching candidatesSet=[b59803825, bimbo, 211125, 009005, 729765, clcas, 42, lluretdemar, 17310, 59803825, totaluds, 66, 16868, 84354174, ccigoitiamadrid, 1, 28022, abdelilah, 19723, enhmlloret, 0, 030300, clcastell, girona, magdalenaudslbe, 16, magdalenalbe, 8, tel, 900, 125, 375, regmercmadridtomo36818folio99sección8hojam382167inscripción, 17, 2023000078202023000007870, deleggirona, cd009005, cliente729765, serhs, food, area, lluret, cifb59803825, fecha, 496125, 498455, total, rutero16868, donuts, iberia, sau, a84354174, polígono, industrial, mercedes, ccig, oitia, madrid, ccliente, 0030008016, productos, copla, orig, inal, pegar, identicket, 29918, 21112025, 061530, muchas, gracias, transpo19723, servido0, enhm, lloret, tda030300, castell, magdalena, nalbaran, 168683744, route, recibí, conforme, firma, reg, merc, tomo, 36818, folio, sección, hoja, m382167, inscripción, envi2023o00007820envi2023000007870, precios, segun, tarifa, referencia, sujetos, condiciones, comerciales, partes, someten, expresam, ente, jurisdiccion, juzgados, tribunales]
154-12-03 17:12:40.341 29768 29768 W Looper  : PerfMonitor doFrame : time=122ms vsyncFrame=0 latency=378ms procState=-1 historyMsgCount=2
155-12-03 17:12:40.365 29768 29768 D CompatibilityChangeReporter: Compat change id reported: 163400105; UID 10217; state: ENABLED
156-12-03 17:12:40.383 29768 29768 I AssistStructure: Flattened final assist data: 35508 bytes, containing 1 windows, 211 views
157:12-03 17:12:40.435 29768 29768 D AlbaTpl : no matching template found for candidates=[b59803825, bimbo, 211125, 009005, 729765, clcas, 42, lluretdemar, 17310, 59803825, totaluds, 66, 16868, 84354174, ccigoitiamadrid, 1, 28022, abdelilah, 19723, enhmlloret, 0, 030300, clcastell, girona, magdalenaudslbe, 16, magdalenalbe, 8, tel, 900, 125, 375, regmercmadridtomo36818folio99sección8hojam382167inscripción, 17, 2023000078202023000007870, deleggirona, cd009005, cliente729765, serhs, food, area, lluret, cifb59803825, fecha, 496125, 498455, total, rutero16868, donuts, iberia, sau, a84354174, polígono, industrial, mercedes, ccig, oitia, madrid, ccliente, 0030008016, productos, copla, orig, inal, pegar, identicket, 29918, 21112025, 061530, muchas, gracias, transpo19723, servido0, enhm, lloret, tda030300, castell, magdalena, nalbaran, 168683744, route, recibí, conforme, firma, reg, merc, tomo, 36818, folio, sección, hoja, m382167, inscripción, envi2023o00007820envi2023000007870, precios, segun, tarifa, referencia, sujetos, condiciones, comerciales, partes, someten, expresam, ente, jurisdiccion, juzgados, tribunales] loadedTemplates=[] bestScore=0.0 - trying samples
158:12-03 17:12:40.441 29768 29768 D AlbaTpl : matched template provider='a84354174' mappings=[proveedor, nif, numero_albaran, fecha_albaran, product_row, product_unidades, product_precio, product_importe] score=3.830788026878436
159-12-03 17:12:40.441 29768 29768 D AlbaTpl : applyTemplate: field=proveedor bboxStr=0.322049,0.214844,0.253472,0.013672 normalized=(0.322049,0.214844,0.253472,0.013672) pixels=(371,440,662,468) size=291x28
160-12-03 17:12:40.446 29768 30749 D TransportRuntime.SQLiteEventStore: Storing event with priority=DEFAULT, name=FIREBASE_ML_SDK for destination cct
161-12-03 17:12:40.450 29768 30749 D TransportRuntime.JobInfoScheduler: Upload for context TransportContext(cct, DEFAULT, MSRodHRwczovL2ZpcmViYXNlbG9nZ2luZy5nb29nbGVhcGlzLmNvbS92MGNjL2xvZy9iYXRjaD9mb3JtYXQ9anNvbl9wcm90bzNc) is already scheduled. Returning...
162-12-03 17:12:40.453 29768 29768 D AlbaTpl : applyTemplate: field=nif bboxStr=0.321181,0.229980,0.091146,0.009277 normalized=(0.321181,0.22998,0.091146,0.009277) pixels=(370,470,475,488) size=105x18
163-12-03 17:12:40.455 29768 29768 D AlbaTpl : applyTemplate: field=numero_albaran bboxStr=0.430556,0.389160,0.085069,0.007813 normalized=(0.430556,0.38916,0.085069,0.007813) pixels=(496,796,593,812) size=97x16
--
173-12-03 17:12:40.477 29768 30749 D TransportRuntime.SQLiteEventStore: Storing event with priority=DEFAULT, name=FIREBASE_ML_SDK for destination cct
174-12-03 17:12:40.479 29768 30749 D TransportRuntime.JobInfoScheduler: Upload for context TransportContext(cct, DEFAULT, MSRodHRwczovL2ZpcmViYXNlbG9nZ2luZy5nb29nbGVhcGlzLmNvbS92MGNjL2xvZy9iYXRjaD9mb3JtYXQ9anNvbl9wcm90bzNc) is already scheduled. Returning...
175-12-03 17:12:40.485 29768 30759 I tflite  : Replacing 44 out of 46 node(s) with delegate (TfLiteXNNPackDelegate) node, yielding 3 partitions for the whole graph.
176-12-03 17:12:40.494 29768 30759 I tflite  : Replacing 44 out of 46 node(s) with delegate (TfLiteXNNPackDelegate) node, yielding 3 partitions for the whole graph.
177-12-03 17:12:40.518 29768 30759 I tflite  : Replacing 44 out of 46 node(s) with delegate (TfLiteXNNPackDelegate) node, yielding 3 partitions for the whole graph.
178:12-03 17:12:40.816 29768 29768 D AlbaTpl : applied field=product_row text='BIMBO DELEG:GIRONA CD:009005 CLIENTE:729765 SERHS FOOD AREA S L CL CA FECHA 21/11/25 17310 LcuRET DE MAR CIF:B59803825 COD 42 496125 498455 TOTAL UDS :66 A84354174 RUTERO:16868 Poligono Industrial Las Mercedes C/Cigoilia, 1 28022 Madrid C.CLIENTE 0030008016 PRODUCTOS 21/11/2025 06:15:30 Pegar identicket: 29918 TRANSP0:19723 ABDELILAH SERVIDO EN:HM LLORET TDA-030300 CL CASTELL 42 17310 GIRONA N.ALBARAN 168683744 MAGDALENA 16 UDS LBE MAGDALENA LBE 0/% 8u ROUTE 16868 1 03 UDS TEL :900 125 375 30 36 Recibí conforme firma: Reg. Merc. Madrid Tomo 36818, folio 99, sección 8, hoja M -382167, inscripción 17a ENVI2023/000007820;ENVI2023/000007870' from bbox=0.110243,0.229980,0.747396,0.466309
179-12-03 17:12:40.816 29768 29768 D AlbaTpl : applyTemplate: field=product_unidades bboxStr=0.110243,0.229980,0.747396,0.466309 normalized=(0.110243,0.22998,0.747396,0.466309) pixels=(126,470,987,1425) size=861x955
180-12-03 17:12:40.825 29768 30749 D TransportRuntime.SQLiteEventStore: Storing event with priority=DEFAULT, name=FIREBASE_ML_SDK for destination cct
181-12-03 17:12:40.840 29768 30749 D TransportRuntime.JobInfoScheduler: Upload for context TransportContext(cct, DEFAULT, MSRodHRwczovL2ZpcmViYXNlbG9nZ2luZy5nb29nbGVhcGlzLmNvbS92MGNjL2xvZy9iYXRjaD9mb3JtYXQ9anNvbl9wcm90bzNc) is already scheduled. Returning...
182:12-03 17:12:41.173 29768 29768 D AlbaTpl : applied field=product_unidades text='BIMBO DELEG:GIRONA CD:009005 CLIENTE:729765 SERHS FOOD AREA S L CL CA FECHA 21/11/25 17310 LcuRET DE MAR CIF:B59803825 COD 42 496125 498455 TOTAL UDS :66 A84354174 RUTERO:16868 Poligono Industrial Las Mercedes C/Cigoilia, 1 28022 Madrid C.CLIENTE 0030008016 PRODUCTOS 21/11/2025 06:15:30 Pegar identicket: 29918 TRANSP0:19723 ABDELILAH SERVIDO EN:HM LLORET TDA-030300 CL CASTELL 42 17310 GIRONA N.ALBARAN 168683744 MAGDALENA 16 UDS LBE MAGDALENA LBE 0/% 8u ROUTE 16868 1 03 UDS TEL :900 125 375 30 36 Recibí conforme firma: Reg. Merc. Madrid Tomo 36818, folio 99, sección 8, hoja M -382167, inscripción 17a ENVI2023/000007820;ENVI2023/000007870' from bbox=0.110243,0.229980,0.747396,0.466309
183-12-03 17:12:41.173 29768 29768 D AlbaTpl : applyTemplate: field=product_precio bboxStr=0.428819,0.229980,0.322049,0.466309 normalized=(0.428819,0.22998,0.322049,0.466309) pixels=(493,470,864,1425) size=371x955
184-12-03 17:12:41.178 29768 30749 D TransportRuntime.SQLiteEventStore: Storing event with priority=DEFAULT, name=FIREBASE_ML_SDK for destination cct
185-12-03 17:12:41.181 29768 30749 D TransportRuntime.JobInfoScheduler: Upload for context TransportContext(cct, DEFAULT, MSRodHRwczovL2ZpcmViYXNlbG9nZ2luZy5nb29nbGVhcGlzLmNvbS92MGNjL2xvZy9iYXRjaD9mb3JtYXQ9anNvbl9wcm90bzNc) is already scheduled. Returning...
186-12-03 17:12:41.182 29768 30760 I tflite  : Replacing 44 out of 46 node(s) with delegate (TfLiteXNNPackDelegate) node, yielding 3 partitions for the whole graph.
187-12-03 17:12:41.187 29768 30760 I tflite  : Replacing 44 out of 46 node(s) with delegate (TfLiteXNNPackDelegate) node, yielding 3 partitions for the whole graph.
--
201-12-03 17:12:41.437 29768 29768 D VRI[PopupWindow:3e9]: vri.Setup new sync id=0 syncSeqId=0
202-12-03 17:12:41.441 29768 29790 E perf_hint: Session creation failed, mPreferredRateNanos: -1
203-12-03 17:12:41.442 29768 29768 D EditorStubImpl: Type = 1, RectF = RectF(201.0, 995.0, 311.0, 1105.0), mInsertionHandleData = [HandleData{mIsShow=true, mPosition=RectF(198.0, 995.0, 308.0, 1105.0)}]
204-12-03 17:12:41.442 29768 29768 D EditorStubImpl: isMultiHandle = false, status = 2, sendData = [RectF(201.0, 995.0, 311.0, 1105.0)]
205-12-03 17:12:41.445 29768 29768 D VRI[PopupWindow:3e9]: vri.reportDrawFinished syncSeqId=0 android.view.ViewRootImpl.lambda$createSyncIfNeeded$4$android-view-ViewRootImpl:4081 android.view.ViewRootImpl$$ExternalSyntheticLambda2.run:6 android.os.Handler.handleCallback:942 android.os.Handler.dispatchMessage:99 android.os.Looper.loopOnce:211 
206:12-03 17:12:41.447 29768 29768 D AlbaTpl : applied field=product_precio text='ustrial Las Mercedes 28022 Madrid 21/11/2025 06:15:30 TRANSP0:19723 ABDELILAH SERVID0 EN:HM LLORET TDA-030300 CL CASTELL 42 17310 GIRONA N.ALBARAN 168683744 DS LBE 0/% 8u ROUTE 16868 1 UDS 30 TEL :900 125 36 03 Recibíi conforme firma: o 99, sección 8, hoja M-382167, in: D07870' from bbox=0.428819,0.229980,0.322049,0.466309
207-12-03 17:12:41.447 29768 29768 D AlbaTpl : applyTemplate: field=product_importe bboxStr=0.756944,0.229980,0.024306,0.466309 normalized=(0.756944,0.22998,0.024306,0.466309) pixels=(871,470,899,1425) size=28x955
208-12-03 17:12:41.449 29768 29768 D VRI[PopupWindow:3e9]: vri.reportNextDraw android.view.ViewRootImpl.handleResized:2083 android.view.ViewRootImpl.-$$Nest$mhandleResized:0 android.view.ViewRootImpl$ViewRootHandler.handleMessageImpl:6167 android.view.ViewRootImpl$ViewRootHandler.handleMessage:6136 android.os.Handler.dispatchMessage:106 
209-12-03 17:12:41.452 29768 30749 D TransportRuntime.SQLiteEventStore: Storing event with priority=DEFAULT, name=FIREBASE_ML_SDK for destination cct
210-12-03 17:12:41.455 29768 30749 D TransportRuntime.JobInfoScheduler: Upload for context TransportContext(cct, DEFAULT, MSRodHRwczovL2ZpcmViYXNlbG9nZ2luZy5nb29nbGVhcGlzLmNvbS92MGNjL2xvZy9iYXRjaD9mb3JtYXQ9anNvbl9wcm90bzNc) is already scheduled. Returning...
211-12-03 17:12:41.468 29768 29768 D VRI[PopupWindow:3e9]: vri.Setup new sync id=1 syncSeqId=0
--
1987-12-03 17:14:36.072 29768 29768 D AlbaTpl : savePatternFromCorrections: entry
1988-12-03 17:14:36.075 29768 29768 D AlbaTpl : savePattern: field=proveedor text='BIMBO DONUTS IBERIA, S.A.U' bbox=Rect(371, 440 - 663, 468) normalized=(0.3220486,0.21484375,0.2534722,0.013671875)
1989-12-03 17:14:36.076 29768 29768 D AlbaTpl : savePattern: field=nif text='A84354174' bbox=Rect(370, 471 - 475, 490) normalized=(0.32118055,0.22998047,0.091145836,0.009277344)
1990-12-03 17:14:36.076 29768 29768 D AlbaTpl : savePattern: field=numero_albaran text='168683744' bbox=Rect(496, 797 - 594, 813) normalized=(0.43055555,0.38916016,0.08506945,0.0078125)
1991-12-03 17:14:36.076 29768 29768 D AlbaTpl : savePattern: field=fecha_albaran text='21/11/25' bbox=Rect(163, 786 - 244, 805) normalized=(0.14149305,0.38378906,0.0703125,0.009277344)
1992:12-03 17:14:36.143 29768 29768 D AlbaTpl : inserted TemplateSample id=2 provider='a84354174' image='/storage/emulated/0/Android/data/com.albacontrol/files/templates/tpl_sample_1764778476080.jpg' mappings=[proveedor, nif, numero_albaran, fecha_albaran, product_row, product_unidades, product_precio, product_importe]
1993-12-03 17:14:36.189 29768 29768 D ScrollerOptimizationManager: registerConfigChangedListener
1994-12-03 17:14:36.210 29768 29768 D EditorStubImpl: Type = 2, RectF = RectF(201.0, 995.0, 311.0, 1105.0), mInsertionHandleData = [HandleData{mIsShow=false, mPosition=RectF(201.0, 995.0, 311.0, 1105.0)}]
1995-12-03 17:14:36.210 29768 29768 D EditorStubImpl: Type = 2, RectF = RectF(302.0, 1216.0, 412.0, 1326.0), mInsertionHandleData = [HandleData{mIsShow=false, mPosition=RectF(302.0, 1216.0, 412.0, 1326.0)}]
1996-12-03 17:14:36.266 29768 29768 I HandWritingStubImpl: refreshLastKeyboardType: 1
1997-12-03 17:14:36.273 29768 29768 D DecorView[]: onWindowFocusChanged hasWindowFocus false
--
2020-12-03 17:14:48.797 29768 29768 D AlbaTpl : scheduleAutoSavePattern: disabled (save only at finalize)
2021-12-03 17:14:48.801 29768 29768 D AlbaTpl : scheduleAutoSavePattern: disabled (save only at finalize)
2022-12-03 17:14:49.093 29768 29768 D AlbaTpl : applyTemplateIfExists: candidates nif='B59803825' proveedor='BIMBO'
2023-12-03 17:14:49.103 29768 29768 D AlbaTpl : template matching candidatesSet=[b59803825, bimbo, 211125, 009005, 729765, clcas, 42, lluretdemar, 17310, 59803825, totaluds, 66, 16868, 84354174, ccigoitiamadrid, 1, 28022, abdelilah, 19723, enhmlloret, 0, 030300, clcastell, girona, magdalenaudslbe, 16, magdalenalbe, 8, tel, 900, 125, 375, regmercmadridtomo36818folio99sección8hojam382167inscripción, 17, 2023000078202023000007870, deleggirona, cd009005, cliente729765, serhs, food, area, lluret, cifb59803825, fecha, 496125, 498455, total, rutero16868, donuts, iberia, sau, a84354174, polígono, industrial, mercedes, ccig, oitia, madrid, ccliente, 0030008016, productos, copla, orig, inal, pegar, identicket, 29918, 21112025, 061530, muchas, gracias, transpo19723, servido0, enhm, lloret, tda030300, castell, magdalena, nalbaran, 168683744, route, recibí, conforme, firma, reg, merc, tomo, 36818, folio, sección, hoja, m382167, inscripción, envi2023o00007820envi2023000007870, precios, segun, tarifa, referencia, sujetos, condiciones, comerciales, partes, someten, expresam, ente, jurisdiccion, juzgados, tribunales]
2024-12-03 17:14:49.210 29768 29768 W Looper  : PerfMonitor doFrame : time=103ms vsyncFrame=0 latency=307ms procState=-1 historyMsgCount=2
2025:12-03 17:14:49.252 29768 29768 D AlbaTpl : no matching template found for candidates=[b59803825, bimbo, 211125, 009005, 729765, clcas, 42, lluretdemar, 17310, 59803825, totaluds, 66, 16868, 84354174, ccigoitiamadrid, 1, 28022, abdelilah, 19723, enhmlloret, 0, 030300, clcastell, girona, magdalenaudslbe, 16, magdalenalbe, 8, tel, 900, 125, 375, regmercmadridtomo36818folio99sección8hojam382167inscripción, 17, 2023000078202023000007870, deleggirona, cd009005, cliente729765, serhs, food, area, lluret, cifb59803825, fecha, 496125, 498455, total, rutero16868, donuts, iberia, sau, a84354174, polígono, industrial, mercedes, ccig, oitia, madrid, ccliente, 0030008016, productos, copla, orig, inal, pegar, identicket, 29918, 21112025, 061530, muchas, gracias, transpo19723, servido0, enhm, lloret, tda030300, castell, magdalena, nalbaran, 168683744, route, recibí, conforme, firma, reg, merc, tomo, 36818, folio, sección, hoja, m382167, inscripción, envi2023o00007820envi2023000007870, precios, segun, tarifa, referencia, sujetos, condiciones, comerciales, partes, someten, expresam, ente, jurisdiccion, juzgados, tribunales] loadedTemplates=[] bestScore=0.0 - trying samples
2026:12-03 17:14:49.254 29768 29768 D AlbaTpl : matched template provider='a84354174' mappings=[proveedor, nif, numero_albaran, fecha_albaran, product_row, product_unidades, product_precio, product_importe] score=3.830788026878436
2027-12-03 17:14:49.254 29768 29768 D AlbaTpl : applyTemplate: field=proveedor bboxStr=0.322049,0.214844,0.253472,0.013672 normalized=(0.322049,0.214844,0.253472,0.013672) pixels=(371,440,662,468) size=291x28
2028-12-03 17:14:49.257 29768 30749 D TransportRuntime.SQLiteEventStore: Storing event with priority=DEFAULT, name=FIREBASE_ML_SDK for destination cct
2029-12-03 17:14:49.260 29768 30749 D TransportRuntime.JobInfoScheduler: Upload for context TransportContext(cct, DEFAULT, MSRodHRwczovL2ZpcmViYXNlbG9nZ2luZy5nb29nbGVhcGlzLmNvbS92MGNjL2xvZy9iYXRjaD9mb3JtYXQ9anNvbl9wcm90bzNc) is already scheduled. Returning...
2030-12-03 17:14:49.263 29768 29768 D AlbaTpl : applyTemplate: field=nif bboxStr=0.321181,0.229980,0.091146,0.009277 normalized=(0.321181,0.22998,0.091146,0.009277) pixels=(370,470,475,488) size=105x18
2031-12-03 17:14:49.265 29768 29768 D AlbaTpl : applyTemplate: field=numero_albaran bboxStr=0.430556,0.389160,0.085069,0.007813 normalized=(0.430556,0.38916,0.085069,0.007813) pixels=(496,796,593,812) size=97x16
--
2041-12-03 17:14:49.292 29768 30749 D TransportRuntime.SQLiteEventStore: Storing event with priority=DEFAULT, name=FIREBASE_ML_SDK for destination cct
2042-12-03 17:14:49.295 29768 30749 D TransportRuntime.JobInfoScheduler: Upload for context TransportContext(cct, DEFAULT, MSRodHRwczovL2ZpcmViYXNlbG9nZ2luZy5nb29nbGVhcGlzLmNvbS92MGNjL2xvZy9iYXRjaD9mb3JtYXQ9anNvbl9wcm90bzNc) is already scheduled. Returning...
2043-12-03 17:14:49.301 29768 30759 I tflite  : Replacing 44 out of 46 node(s) with delegate (TfLiteXNNPackDelegate) node, yielding 3 partitions for the whole graph.
2044-12-03 17:14:49.316 29768 30759 I tflite  : Replacing 44 out of 46 node(s) with delegate (TfLiteXNNPackDelegate) node, yielding 3 partitions for the whole graph.
2045-12-03 17:14:49.339 29768 30759 I tflite  : Replacing 44 out of 46 node(s) with delegate (TfLiteXNNPackDelegate) node, yielding 3 partitions for the whole graph.
2046:12-03 17:14:49.540 29768 29768 D AlbaTpl : applied field=product_row text='BIMBO DELEG:GIRONA CD:009005 CLIENTE:729765 SERHS FOOD AREA S L CL CA FECHA 21/11/25 17310 LcuRET DE MAR CIF:B59803825 COD 42 496125 498455 TOTAL UDS :66 A84354174 RUTERO:16868 Poligono Industrial Las Mercedes C/Cigoilia, 1 28022 Madrid C.CLIENTE 0030008016 PRODUCTOS 21/11/2025 06:15:30 Pegar identicket: 29918 TRANSP0:19723 ABDELILAH SERVIDO EN:HM LLORET TDA-030300 CL CASTELL 42 17310 GIRONA N.ALBARAN 168683744 MAGDALENA 16 UDS LBE MAGDALENA LBE 0/% 8u ROUTE 16868 1 03 UDS TEL :900 125 375 30 36 Recibí conforme firma: Reg. Merc. Madrid Tomo 36818, folio 99, sección 8, hoja M -382167, inscripción 17a ENVI2023/000007820;ENVI2023/000007870' from bbox=0.110243,0.229980,0.747396,0.466309
2047-12-03 17:14:49.540 29768 29768 D AlbaTpl : applyTemplate: field=product_unidades bboxStr=0.110243,0.229980,0.747396,0.466309 normalized=(0.110243,0.22998,0.747396,0.466309) pixels=(126,470,987,1425) size=861x955
2048-12-03 17:14:49.547 29768 30749 D TransportRuntime.SQLiteEventStore: Storing event with priority=DEFAULT, name=FIREBASE_ML_SDK for destination cct
2049-12-03 17:14:49.559 29768 30749 D TransportRuntime.JobInfoScheduler: Upload for context TransportContext(cct, DEFAULT, MSRodHRwczovL2ZpcmViYXNlbG9nZ2luZy5nb29nbGVhcGlzLmNvbS92MGNjL2xvZy9iYXRjaD9mb3JtYXQ9anNvbl9wcm90bzNc) is already scheduled. Returning...
2050:12-03 17:14:49.801 29768 29768 D AlbaTpl : applied field=product_unidades text='BIMBO DELEG:GIRONA CD:009005 CLIENTE:729765 SERHS FOOD AREA S L CL CA FECHA 21/11/25 17310 LcuRET DE MAR CIF:B59803825 COD 42 496125 498455 TOTAL UDS :66 A84354174 RUTERO:16868 Poligono Industrial Las Mercedes C/Cigoilia, 1 28022 Madrid C.CLIENTE 0030008016 PRODUCTOS 21/11/2025 06:15:30 Pegar identicket: 29918 TRANSP0:19723 ABDELILAH SERVIDO EN:HM LLORET TDA-030300 CL CASTELL 42 17310 GIRONA N.ALBARAN 168683744 MAGDALENA 16 UDS LBE MAGDALENA LBE 0/% 8u ROUTE 16868 1 03 UDS TEL :900 125 375 30 36 Recibí conforme firma: Reg. Merc. Madrid Tomo 36818, folio 99, sección 8, hoja M -382167, inscripción 17a ENVI2023/000007820;ENVI2023/000007870' from bbox=0.110243,0.229980,0.747396,0.466309
2051-12-03 17:14:49.801 29768 29768 D AlbaTpl : applyTemplate: field=product_precio bboxStr=0.428819,0.229980,0.322049,0.466309 normalized=(0.428819,0.22998,0.322049,0.466309) pixels=(493,470,864,1425) size=371x955
2052-12-03 17:14:49.806 29768 30749 D TransportRuntime.SQLiteEventStore: Storing event with priority=DEFAULT, name=FIREBASE_ML_SDK for destination cct
2053-12-03 17:14:49.810 29768 30749 D TransportRuntime.JobInfoScheduler: Upload for context TransportContext(cct, DEFAULT, MSRodHRwczovL2ZpcmViYXNlbG9nZ2luZy5nb29nbGVhcGlzLmNvbS92MGNjL2xvZy9iYXRjaD9mb3JtYXQ9anNvbl9wcm90bzNc) is already scheduled. Returning...
2054-12-03 17:14:49.811 29768 30760 I tflite  : Replacing 44 out of 46 node(s) with delegate (TfLiteXNNPackDelegate) node, yielding 3 partitions for the whole graph.
2055-12-03 17:14:49.818 29768 30760 I tflite  : Replacing 44 out of 46 node(s) with delegate (TfLiteXNNPackDelegate) node, yielding 3 partitions for the whole graph.
2056-12-03 17:14:49.826 29768 30760 I tflite  : Replacing 44 out of 46 node(s) with delegate (TfLiteXNNPackDelegate) node, yielding 3 partitions for the whole graph.
2057-12-03 17:14:49.839 29768 30760 I tflite  : Replacing 44 out of 46 node(s) with delegate (TfLiteXNNPackDelegate) node, yielding 3 partitions for the whole graph.
2058:12-03 17:14:49.952 29768 29768 D AlbaTpl : applied field=product_precio text='ustrial Las Mercedes 28022 Madrid 21/11/2025 06:15:30 TRANSP0:19723 ABDELILAH SERVID0 EN:HM LLORET TDA-030300 CL CASTELL 42 17310 GIRONA N.ALBARAN 168683744 DS LBE 0/% 8u ROUTE 16868 1 UDS 30 TEL :900 125 36 03 Recibíi conforme firma: o 99, sección 8, hoja M-382167, in: D07870' from bbox=0.428819,0.229980,0.322049,0.466309
2059-12-03 17:14:49.952 29768 29768 D AlbaTpl : applyTemplate: field=product_importe bboxStr=0.756944,0.229980,0.024306,0.466309 normalized=(0.756944,0.22998,0.024306,0.466309) pixels=(871,470,899,1425) size=28x955
2060-12-03 17:14:49.956 29768 30749 D TransportRuntime.SQLiteEventStore: Storing event with priority=DEFAULT, name=FIREBASE_ML_SDK for destination cct
2061-12-03 17:14:49.960 29768 30749 D TransportRuntime.JobInfoScheduler: Upload for context TransportContext(cct, DEFAULT, MSRodHRwczovL2ZpcmViYXNlbG9nZ2luZy5nb29nbGVhcGlzLmNvbS92MGNjL2xvZy9iYXRjaD9mb3JtYXQ9anNvbl9wcm90bzNc) is already scheduled. Returning...
2062-12-03 17:14:49.973 29768 30749 D TransportRuntime.SQLiteEventStore: Storing event with priority=DEFAULT, name=FIREBASE_ML_SDK for destination cct
2063-12-03 17:14:49.982 29768 30749 D TransportRuntime.JobInfoScheduler: Upload for context TransportContext(cct, DEFAULT, MSRodHRwczovL2ZpcmViYXNlbG9nZ2luZy5nb29nbGVhcGlzLmNvbS92MGNjL2xvZy9iYXRjaD9mb3JtYXQ9anNvbl9wcm90bzNc) is already scheduled. Returning...
--
3823-12-03 17:16:54.608 29768 29768 D AlbaTpl : savePatternFromCorrections: entry
3824-12-03 17:16:54.611 29768 29768 D AlbaTpl : savePattern: field=proveedor text='BIMBO DONUTS IBERIA, S.A.U' bbox=Rect(371, 440 - 663, 468) normalized=(0.3220486,0.21484375,0.2534722,0.013671875)
3825-12-03 17:16:54.612 29768 29768 D AlbaTpl : savePattern: field=nif text='A84354174' bbox=Rect(370, 471 - 475, 490) normalized=(0.32118055,0.22998047,0.091145836,0.009277344)
3826-12-03 17:16:54.612 29768 29768 D AlbaTpl : savePattern: field=numero_albaran text='168683744' bbox=Rect(496, 797 - 594, 813) normalized=(0.43055555,0.38916016,0.08506945,0.0078125)
3827-12-03 17:16:54.612 29768 29768 D AlbaTpl : savePattern: field=fecha_albaran text='21/11/25' bbox=Rect(163, 786 - 244, 805) normalized=(0.14149305,0.38378906,0.0703125,0.009277344)
3828:12-03 17:16:54.658 29768 29768 D AlbaTpl : inserted TemplateSample id=3 provider='a84354174' image='/storage/emulated/0/Android/data/com.albacontrol/files/templates/tpl_sample_1764778614614.jpg' mappings=[proveedor, nif, numero_albaran, fecha_albaran, product_row, product_unidades, product_precio, product_importe]
3829:12-03 17:16:54.677 29768 29768 D AlbaTpl : inserted/updated OCRTemplate id=1 provider='a84354174' version=1 mappings=[proveedor, nif, numero_albaran, fecha_albaran, product_row, product_unidades, product_precio, product_importe] confidences={proveedor=1.0, nif=1.0, numero_albaran=1.0, fecha_albaran=1.0, product_row=1.0, product_unidades=1.0, product_precio=1.0, product_importe=1.0}
3830-12-03 17:16:54.709 29768 29768 D ScrollerOptimizationManager: registerConfigChangedListener
3831-12-03 17:16:54.727 29768 29768 D EditorStubImpl: Type = 2, RectF = RectF(201.0, 995.0, 311.0, 1105.0), mInsertionHandleData = [HandleData{mIsShow=false, mPosition=RectF(201.0, 995.0, 311.0, 1105.0)}]
3832-12-03 17:16:54.727 29768 29768 D EditorStubImpl: Type = 2, RectF = RectF(302.0, 1216.0, 412.0, 1326.0), mInsertionHandleData = [HandleData{mIsShow=false, mPosition=RectF(302.0, 1216.0, 412.0, 1326.0)}]
3833-12-03 17:16:54.782 29768 29768 I HandWritingStubImpl: refreshLastKeyboardType: 1
3834-12-03 17:16:54.789 29768 29768 D DecorView[]: onWindowFocusChanged hasWindowFocus false
--
3858-12-03 17:17:08.328 29768 29768 D AlbaTpl : scheduleAutoSavePattern: disabled (save only at finalize)
3859-12-03 17:17:08.329 29768 30749 D TransportRuntime.JobInfoScheduler: Upload for context TransportContext(cct, VERY_LOW, MSRodHRwczovL2ZpcmViYXNlbG9nZ2luZy5nb29nbGVhcGlzLmNvbS92MGNjL2xvZy9iYXRjaD9mb3JtYXQ9anNvbl9wcm90bzNc) is already scheduled. Returning...
3860-12-03 17:17:08.333 29768 29768 D AlbaTpl : scheduleAutoSavePattern: disabled (save only at finalize)
3861-12-03 17:17:08.604 29768 29768 D AlbaTpl : applyTemplateIfExists: candidates nif='B59803825' proveedor='BIMBO'
3862-12-03 17:17:08.614 29768 29768 D AlbaTpl : template matching candidatesSet=[b59803825, bimbo, 211125, 009005, 729765, clcas, 42, lluretdemar, 17310, 59803825, totaluds, 66, 16868, 84354174, ccigoitiamadrid, 1, 28022, abdelilah, 19723, enhmlloret, 0, 030300, clcastell, girona, magdalenaudslbe, 16, magdalenalbe, 8, tel, 900, 125, 375, regmercmadridtomo36818folio99sección8hojam382167inscripción, 17, 2023000078202023000007870, deleggirona, cd009005, cliente729765, serhs, food, area, lluret, cifb59803825, fecha, 496125, 498455, total, rutero16868, donuts, iberia, sau, a84354174, polígono, industrial, mercedes, ccig, oitia, madrid, ccliente, 0030008016, productos, copla, orig, inal, pegar, identicket, 29918, 21112025, 061530, muchas, gracias, transpo19723, servido0, enhm, lloret, tda030300, castell, magdalena, nalbaran, 168683744, route, recibí, conforme, firma, reg, merc, tomo, 36818, folio, sección, hoja, m382167, inscripción, envi2023o00007820envi2023000007870, precios, segun, tarifa, referencia, sujetos, condiciones, comerciales, partes, someten, expresam, ente, jurisdiccion, juzgados, tribunales]
3863:12-03 17:17:08.760 29768 29768 D AlbaTpl : matched template provider='a84354174' mappings=[proveedor, nif, numero_albaran, fecha_albaran, product_row, product_unidades, product_precio, product_importe] score=3.830788026878436
3864-12-03 17:17:08.760 29768 29768 D AlbaTpl : applyTemplate: field=proveedor bboxStr=0.322049,0.214844,0.253472,0.013672 normalized=(0.322049,0.214844,0.253472,0.013672) pixels=(371,440,662,468) size=291x28
3865-12-03 17:17:08.762 29768 30749 D TransportRuntime.SQLiteEventStore: Storing event with priority=DEFAULT, name=FIREBASE_ML_SDK for destination cct
3866-12-03 17:17:08.765 29768 30749 D TransportRuntime.JobInfoScheduler: Scheduling upload for context TransportContext(cct, DEFAULT, MSRodHRwczovL2ZpcmViYXNlbG9nZ2luZy5nb29nbGVhcGlzLmNvbS92MGNjL2xvZy9iYXRjaD9mb3JtYXQ9anNvbl9wcm90bzNc) with jobId=-1719655580 in 824629ms(Backend next call timestamp 1764779453394). Attempt 1
3867-12-03 17:17:08.768 29768 29768 D AlbaTpl : applyTemplate: field=nif bboxStr=0.321181,0.229980,0.091146,0.009277 normalized=(0.321181,0.22998,0.091146,0.009277) pixels=(370,470,475,488) size=105x18
3868-12-03 17:17:08.776 29768 29768 D AlbaTpl : applyTemplate: field=numero_albaran bboxStr=0.430556,0.389160,0.085069,0.007813 normalized=(0.430556,0.38916,0.085069,0.007813) pixels=(496,796,593,812) size=97x16
--
3878-12-03 17:17:08.798 29768 30749 D TransportRuntime.SQLiteEventStore: Storing event with priority=DEFAULT, name=FIREBASE_ML_SDK for destination cct
3879-12-03 17:17:08.801 29768 30749 D TransportRuntime.JobInfoScheduler: Upload for context TransportContext(cct, DEFAULT, MSRodHRwczovL2ZpcmViYXNlbG9nZ2luZy5nb29nbGVhcGlzLmNvbS92MGNjL2xvZy9iYXRjaD9mb3JtYXQ9anNvbl9wcm90bzNc) is already scheduled. Returning...
3880-12-03 17:17:08.813 29768 30760 I tflite  : Replacing 44 out of 46 node(s) with delegate (TfLiteXNNPackDelegate) node, yielding 3 partitions for the whole graph.
3881-12-03 17:17:08.822 29768 30760 I tflite  : Replacing 44 out of 46 node(s) with delegate (TfLiteXNNPackDelegate) node, yielding 3 partitions for the whole graph.
3882-12-03 17:17:08.846 29768 30760 I tflite  : Replacing 44 out of 46 node(s) with delegate (TfLiteXNNPackDelegate) node, yielding 3 partitions for the whole graph.
3883:12-03 17:17:09.042 29768 29768 D AlbaTpl : applied field=product_row text='BIMBO DELEG:GIRONA CD:009005 CLIENTE:729765 SERHS FOOD AREA S L CL CA FECHA 21/11/25 17310 LcuRET DE MAR CIF:B59803825 COD 42 496125 498455 TOTAL UDS :66 A84354174 RUTERO:16868 Poligono Industrial Las Mercedes C/Cigoilia, 1 28022 Madrid C.CLIENTE 0030008016 PRODUCTOS 21/11/2025 06:15:30 Pegar identicket: 29918 TRANSP0:19723 ABDELILAH SERVIDO EN:HM LLORET TDA-030300 CL CASTELL 42 17310 GIRONA N.ALBARAN 168683744 MAGDALENA 16 UDS LBE MAGDALENA LBE 0/% 8u ROUTE 16868 1 03 UDS TEL :900 125 375 30 36 Recibí conforme firma: Reg. Merc. Madrid Tomo 36818, folio 99, sección 8, hoja M -382167, inscripción 17a ENVI2023/000007820;ENVI2023/000007870' from bbox=0.110243,0.229980,0.747396,0.466309
3884-12-03 17:17:09.042 29768 29768 D AlbaTpl : applyTemplate: field=product_unidades bboxStr=0.110243,0.229980,0.747396,0.466309 normalized=(0.110243,0.22998,0.747396,0.466309) pixels=(126,470,987,1425) size=861x955
3885-12-03 17:17:09.048 29768 30749 D TransportRuntime.SQLiteEventStore: Storing event with priority=DEFAULT, name=FIREBASE_ML_SDK for destination cct
3886-12-03 17:17:09.055 29768 30749 D TransportRuntime.JobInfoScheduler: Upload for context TransportContext(cct, DEFAULT, MSRodHRwczovL2ZpcmViYXNlbG9nZ2luZy5nb29nbGVhcGlzLmNvbS92MGNjL2xvZy9iYXRjaD9mb3JtYXQ9anNvbl9wcm90bzNc) is already scheduled. Returning...
3887:12-03 17:17:09.279 29768 29768 D AlbaTpl : applied field=product_unidades text='BIMBO DELEG:GIRONA CD:009005 CLIENTE:729765 SERHS FOOD AREA S L CL CA FECHA 21/11/25 17310 LcuRET DE MAR CIF:B59803825 COD 42 496125 498455 TOTAL UDS :66 A84354174 RUTERO:16868 Poligono Industrial Las Mercedes C/Cigoilia, 1 28022 Madrid C.CLIENTE 0030008016 PRODUCTOS 21/11/2025 06:15:30 Pegar identicket: 29918 TRANSP0:19723 ABDELILAH SERVIDO EN:HM LLORET TDA-030300 CL CASTELL 42 17310 GIRONA N.ALBARAN 168683744 MAGDALENA 16 UDS LBE MAGDALENA LBE 0/% 8u ROUTE 16868 1 03 UDS TEL :900 125 375 30 36 Recibí conforme firma: Reg. Merc. Madrid Tomo 36818, folio 99, sección 8, hoja M -382167, inscripción 17a ENVI2023/000007820;ENVI2023/000007870' from bbox=0.110243,0.229980,0.747396,0.466309
3888-12-03 17:17:09.279 29768 29768 D AlbaTpl : applyTemplate: field=product_precio bboxStr=0.428819,0.229980,0.322049,0.466309 normalized=(0.428819,0.22998,0.322049,0.466309) pixels=(493,470,864,1425) size=371x955
3889-12-03 17:17:09.284 29768 30749 D TransportRuntime.SQLiteEventStore: Storing event with priority=DEFAULT, name=FIREBASE_ML_SDK for destination cct
3890-12-03 17:17:09.287 29768 30749 D TransportRuntime.JobInfoScheduler: Upload for context TransportContext(cct, DEFAULT, MSRodHRwczovL2ZpcmViYXNlbG9nZ2luZy5nb29nbGVhcGlzLmNvbS92MGNjL2xvZy9iYXRjaD9mb3JtYXQ9anNvbl9wcm90bzNc) is already scheduled. Returning...
3891-12-03 17:17:09.288 29768 30760 I tflite  : Replacing 44 out of 46 node(s) with delegate (TfLiteXNNPackDelegate) node, yielding 3 partitions for the whole graph.
3892-12-03 17:17:09.295 29768 30760 I tflite  : Replacing 44 out of 46 node(s) with delegate (TfLiteXNNPackDelegate) node, yielding 3 partitions for the whole graph.
3893-12-03 17:17:09.301 29768 30760 I tflite  : Replacing 44 out of 46 node(s) with delegate (TfLiteXNNPackDelegate) node, yielding 3 partitions for the whole graph.
3894-12-03 17:17:09.312 29768 30760 I tflite  : Replacing 44 out of 46 node(s) with delegate (TfLiteXNNPackDelegate) node, yielding 3 partitions for the whole graph.
3895:12-03 17:17:09.413 29768 29768 D AlbaTpl : applied field=product_precio text='ustrial Las Mercedes 28022 Madrid 21/11/2025 06:15:30 TRANSP0:19723 ABDELILAH SERVID0 EN:HM LLORET TDA-030300 CL CASTELL 42 17310 GIRONA N.ALBARAN 168683744 DS LBE 0/% 8u ROUTE 16868 1 UDS 30 TEL :900 125 36 03 Recibíi conforme firma: o 99, sección 8, hoja M-382167, in: D07870' from bbox=0.428819,0.229980,0.322049,0.466309
3896-12-03 17:17:09.413 29768 29768 D AlbaTpl : applyTemplate: field=product_importe bboxStr=0.756944,0.229980,0.024306,0.466309 normalized=(0.756944,0.22998,0.024306,0.466309) pixels=(871,470,899,1425) size=28x955
3897-12-03 17:17:09.416 29768 30749 D TransportRuntime.SQLiteEventStore: Storing event with priority=DEFAULT, name=FIREBASE_ML_SDK for destination cct
3898-12-03 17:17:09.419 29768 30749 D TransportRuntime.JobInfoScheduler: Upload for context TransportContext(cct, DEFAULT, MSRodHRwczovL2ZpcmViYXNlbG9nZ2luZy5nb29nbGVhcGlzLmNvbS92MGNjL2xvZy9iYXRjaD9mb3JtYXQ9anNvbl9wcm90bzNc) is already scheduled. Returning...
3899-12-03 17:17:09.428 29768 30749 D TransportRuntime.SQLiteEventStore: Storing event with priority=DEFAULT, name=FIREBASE_ML_SDK for destination cct
3900-12-03 17:17:09.433 29768 30749 D TransportRuntime.JobInfoScheduler: Upload for context TransportContext(cct, DEFAULT, MSRodHRwczovL2ZpcmViYXNlbG9nZ2luZy5nb29nbGVhcGlzLmNvbS92MGNjL2xvZy9iYXRjaD9mb3JtYXQ9anNvbl9wcm90bzNc) is already scheduled. Returning...
