135-12-03 16:58:57.069 21904 26177 D TransportRuntime.SQLiteEventStore: Storing event with priority=VERY_LOW, name=FIREBASE_ML_SDK for destination cct
136-12-03 16:58:57.072 21904 26177 D TransportRuntime.JobInfoScheduler: Upload for context TransportContext(cct, VERY_LOW, MSRodHRwczovL2ZpcmViYXNlbG9nZ2luZy5nb29nbGVhcGlzLmNvbS92MGNjL2xvZy9iYXRjaD9mb3JtYXQ9anNvbl9wcm90bzNc) is already scheduled. Returning...
137-12-03 16:58:57.084 21904 26177 D TransportRuntime.SQLiteEventStore: Storing event with priority=VERY_LOW, name=FIREBASE_ML_SDK for destination cct
138-12-03 16:58:57.089 21904 26177 D TransportRuntime.JobInfoScheduler: Upload for context TransportContext(cct, VERY_LOW, MSRodHRwczovL2ZpcmViYXNlbG9nZ2luZy5nb29nbGVhcGlzLmNvbS92MGNjL2xvZy9iYXRjaD9mb3JtYXQ9anNvbl9wcm90bzNc) is already scheduled. Returning...
139:12-03 16:58:57.094 21904 21904 D AlbaTpl : scheduleAutoSavePattern: disabled (save only at finalize)
140:12-03 16:58:57.130 21904 21904 D AlbaTpl : scheduleAutoSavePattern: disabled (save only at finalize)
141:12-03 16:58:57.473 21904 21904 D AlbaTpl : applyTemplateIfExists: candidates nif='B59803825' proveedor='BIMBO'
142:12-03 16:58:57.484 21904 21904 D AlbaTpl : template matching candidatesSet=[b59803825, bimbo, 211125, 009005, 729765, clcas, 42, lluretdemar, 17310, 59803825, totaluds, 66, 16868, 84354174, ccigoitiamadrid, 1, 28022, abdelilah, 19723, enhmlloret, 0, 030300, clcastell, girona, magdalenaudslbe, 16, magdalenalbe, 8, tel, 900, 125, 375, regmercmadridtomo36818folio99sección8hojam382167inscripción, 17, 2023000078202023000007870, deleggirona, cd009005, cliente729765, serhs, food, area, lluret, cifb59803825, fecha, 496125, 498455, total, rutero16868, donuts, iberia, sau, a84354174, polígono, industrial, mercedes, ccig, oitia, madrid, ccliente, 0030008016, productos, copla, orig, inal, pegar, identicket, 29918, 21112025, 061530, muchas, gracias, transpo19723, servido0, enhm, lloret, tda030300, castell, magdalena, nalbaran, 168683744, route, recibí, conforme, firma, reg, merc, tomo, 36818, folio, sección, hoja, m382167, inscripción, envi2023o00007820envi2023000007870, precios, segun, tarifa, referencia, sujetos, condiciones, comerciales, partes, someten, expresam, ente, jurisdiccion, juzgados, tribunales]
143-12-03 16:58:57.610 21904 21904 W Looper  : PerfMonitor doFrame : time=122ms vsyncFrame=0 latency=395ms procState=-1 historyMsgCount=2
144-12-03 16:58:57.628 21904 21904 D CompatibilityChangeReporter: Compat change id reported: 163400105; UID 10217; state: ENABLED
145-12-03 16:58:57.649 21904 21904 I AssistStructure: Flattened final assist data: 35508 bytes, containing 1 windows, 211 views
146:12-03 16:58:57.685 21904 21904 D AlbaTpl : no matching template found for candidates=[b59803825, bimbo, 211125, 009005, 729765, clcas, 42, lluretdemar, 17310, 59803825, totaluds, 66, 16868, 84354174, ccigoitiamadrid, 1, 28022, abdelilah, 19723, enhmlloret, 0, 030300, clcastell, girona, magdalenaudslbe, 16, magdalenalbe, 8, tel, 900, 125, 375, regmercmadridtomo36818folio99sección8hojam382167inscripción, 17, 2023000078202023000007870, deleggirona, cd009005, cliente729765, serhs, food, area, lluret, cifb59803825, fecha, 496125, 498455, total, rutero16868, donuts, iberia, sau, a84354174, polígono, industrial, mercedes, ccig, oitia, madrid, ccliente, 0030008016, productos, copla, orig, inal, pegar, identicket, 29918, 21112025, 061530, muchas, gracias, transpo19723, servido0, enhm, lloret, tda030300, castell, magdalena, nalbaran, 168683744, route, recibí, conforme, firma, reg, merc, tomo, 36818, folio, sección, hoja, m382167, inscripción, envi2023o00007820envi2023000007870, precios, segun, tarifa, referencia, sujetos, condiciones, comerciales, partes, someten, expresam, ente, jurisdiccion, juzgados, tribunales] loadedTemplates=[] bestScore=0.0
147-12-03 16:58:58.729 21904 21904 D Editor  : Double tap detection is fail
148-12-03 16:58:58.804 21904 21904 I HandWritingStubImpl: refreshLastKeyboardType: 1
149-12-03 16:58:58.828 21904 21904 I HandWritingStubImpl: getCurrentKeyboardType: 1
150-12-03 16:58:58.833 21904 21904 D InputMethodManager: showSoftInput() view=androidx.appcompat.widget.AppCompatEditText{fe4c58b VFED..CL. .F.P..ID 33,97-937,221 #7f0800ee app:id/etProveedor aid=1073741826} flags=0 reason=SHOW_SOFT_INPUT
--
165-12-03 16:58:58.912 21904 21904 D VRI[PopupWindow:3e9]: vri.reportDrawFinished syncSeqId=0 android.view.ViewRootImpl.lambda$createSyncIfNeeded$4$android-view-ViewRootImpl:4081 android.view.ViewRootImpl$$ExternalSyntheticLambda2.run:6 android.os.Handler.handleCallback:942 android.os.Handler.dispatchMessage:99 android.os.Looper.loopOnce:211 
166-12-03 16:58:59.066 21904 21904 W OnBackInvokedCallback: OnBackInvokedCallback is not enabled for the application.
167-12-03 16:58:59.066 21904 21904 W OnBackInvokedCallback: Set 'android:enableOnBackInvokedCallback="true"' in the application manifest.
168-12-03 16:58:59.128 21904 21904 D InsetsController: show(ime(), fromIme=true)
169:12-03 16:58:59.955 21904 21904 D AlbaTpl : scheduleAutoSavePattern: disabled (save only at finalize)
170-12-03 16:58:59.975 21904 21904 D EditorStubImpl: Type = 2, RectF = RectF(201.0, 995.0, 311.0, 1105.0), mInsertionHandleData = [HandleData{mIsShow=true, mPosition=RectF(201.0, 995.0, 311.0, 1105.0)}]
171-12-03 16:58:59.975 21904 21904 D EditorStubImpl: isMultiHandle = false, status = 3, sendData = [RectF(201.0, 995.0, 311.0, 1105.0)]
172:12-03 16:59:01.218 21904 21904 D AlbaTpl : scheduleAutoSavePattern: disabled (save only at finalize)
173-12-03 16:59:01.220 21904 21904 D EditorStubImpl: Type = 2, RectF = RectF(201.0, 995.0, 311.0, 1105.0), mInsertionHandleData = [HandleData{mIsShow=false, mPosition=RectF(201.0, 995.0, 311.0, 1105.0)}]
174:12-03 16:59:02.116 21904 21904 D AlbaTpl : scheduleAutoSavePattern: disabled (save only at finalize)
175-12-03 16:59:02.120 21904 21904 D EditorStubImpl: Type = 2, RectF = RectF(201.0, 995.0, 311.0, 1105.0), mInsertionHandleData = [HandleData{mIsShow=false, mPosition=RectF(201.0, 995.0, 311.0, 1105.0)}]
176:12-03 16:59:03.398 21904 21904 D AlbaTpl : scheduleAutoSavePattern: disabled (save only at finalize)
177-12-03 16:59:03.400 21904 21904 D EditorStubImpl: Type = 2, RectF = RectF(201.0, 995.0, 311.0, 1105.0), mInsertionHandleData = [HandleData{mIsShow=false, mPosition=RectF(201.0, 995.0, 311.0, 1105.0)}]
178:12-03 16:59:04.301 21904 21904 D AlbaTpl : scheduleAutoSavePattern: disabled (save only at finalize)
179-12-03 16:59:04.303 21904 21904 D EditorStubImpl: Type = 2, RectF = RectF(201.0, 995.0, 311.0, 1105.0), mInsertionHandleData = [HandleData{mIsShow=false, mPosition=RectF(201.0, 995.0, 311.0, 1105.0)}]
180:12-03 16:59:05.246 21904 21904 D AlbaTpl : scheduleAutoSavePattern: disabled (save only at finalize)
181-12-03 16:59:05.250 21904 21904 D EditorStubImpl: Type = 2, RectF = RectF(201.0, 995.0, 311.0, 1105.0), mInsertionHandleData = [HandleData{mIsShow=false, mPosition=RectF(201.0, 995.0, 311.0, 1105.0)}]
182:12-03 16:59:07.618 21904 21904 D AlbaTpl : scheduleAutoSavePattern: disabled (save only at finalize)
183-12-03 16:59:07.625 21904 21904 D EditorStubImpl: Type = 2, RectF = RectF(201.0, 995.0, 311.0, 1105.0), mInsertionHandleData = [HandleData{mIsShow=false, mPosition=RectF(201.0, 995.0, 311.0, 1105.0)}]
184:12-03 16:59:08.792 21904 21904 D AlbaTpl : scheduleAutoSavePattern: disabled (save only at finalize)
185-12-03 16:59:08.794 21904 21904 D EditorStubImpl: Type = 2, RectF = RectF(201.0, 995.0, 311.0, 1105.0), mInsertionHandleData = [HandleData{mIsShow=false, mPosition=RectF(201.0, 995.0, 311.0, 1105.0)}]
186:12-03 16:59:08.797 21904 21904 D AlbaTpl : scheduleAutoSavePattern: disabled (save only at finalize)
187-12-03 16:59:08.799 21904 21904 D EditorStubImpl: Type = 2, RectF = RectF(201.0, 995.0, 311.0, 1105.0), mInsertionHandleData = [HandleData{mIsShow=false, mPosition=RectF(201.0, 995.0, 311.0, 1105.0)}]
188:12-03 16:59:09.163 21904 21904 D AlbaTpl : scheduleAutoSavePattern: disabled (save only at finalize)
189-12-03 16:59:09.165 21904 21904 D EditorStubImpl: Type = 2, RectF = RectF(201.0, 995.0, 311.0, 1105.0), mInsertionHandleData = [HandleData{mIsShow=false, mPosition=RectF(201.0, 995.0, 311.0, 1105.0)}]
190:12-03 16:59:10.236 21904 21904 D AlbaTpl : scheduleAutoSavePattern: disabled (save only at finalize)
191-12-03 16:59:10.244 21904 21904 D EditorStubImpl: Type = 2, RectF = RectF(201.0, 995.0, 311.0, 1105.0), mInsertionHandleData = [HandleData{mIsShow=false, mPosition=RectF(201.0, 995.0, 311.0, 1105.0)}]
192:12-03 16:59:10.861 21904 21904 D AlbaTpl : scheduleAutoSavePattern: disabled (save only at finalize)
193-12-03 16:59:10.864 21904 21904 D EditorStubImpl: Type = 2, RectF = RectF(201.0, 995.0, 311.0, 1105.0), mInsertionHandleData = [HandleData{mIsShow=false, mPosition=RectF(201.0, 995.0, 311.0, 1105.0)}]
194:12-03 16:59:11.682 21904 21904 D AlbaTpl : scheduleAutoSavePattern: disabled (save only at finalize)
195-12-03 16:59:11.683 21904 21904 D EditorStubImpl: Type = 2, RectF = RectF(201.0, 995.0, 311.0, 1105.0), mInsertionHandleData = [HandleData{mIsShow=false, mPosition=RectF(201.0, 995.0, 311.0, 1105.0)}]
196:12-03 16:59:12.253 21904 21904 D AlbaTpl : scheduleAutoSavePattern: disabled (save only at finalize)
197-12-03 16:59:12.255 21904 21904 D EditorStubImpl: Type = 2, RectF = RectF(201.0, 995.0, 311.0, 1105.0), mInsertionHandleData = [HandleData{mIsShow=false, mPosition=RectF(201.0, 995.0, 311.0, 1105.0)}]
198:12-03 16:59:14.394 21904 21904 D AlbaTpl : scheduleAutoSavePattern: disabled (save only at finalize)
199-12-03 16:59:14.397 21904 21904 D EditorStubImpl: Type = 2, RectF = RectF(201.0, 995.0, 311.0, 1105.0), mInsertionHandleData = [HandleData{mIsShow=false, mPosition=RectF(201.0, 995.0, 311.0, 1105.0)}]
200-12-03 16:59:15.301 21904 21904 D Editor  : Double tap detection is fail
201-12-03 16:59:15.367 21904 21904 D EditorStubImpl: Type = 2, RectF = RectF(201.0, 995.0, 311.0, 1105.0), mInsertionHandleData = [HandleData{mIsShow=false, mPosition=RectF(201.0, 995.0, 311.0, 1105.0)}]
202-12-03 16:59:15.373 21904 21904 I HandWritingStubImpl: refreshLastKeyboardType: 1
--
221-12-03 16:59:15.494 21904 21904 W OnBackInvokedCallback: OnBackInvokedCallback is not enabled for the application.
222-12-03 16:59:15.494 21904 21904 W OnBackInvokedCallback: Set 'android:enableOnBackInvokedCallback="true"' in the application manifest.
223-12-03 16:59:15.506 21904 21904 D InsetsController: show(ime(), fromIme=true)
224-12-03 16:59:15.506 21904 21904 D InsetsController: show(ime(), fromIme=true)
225:12-03 16:59:18.874 21904 21904 D AlbaTpl : scheduleAutoSavePattern: disabled (save only at finalize)
226-12-03 16:59:18.889 21904 21904 D EditorStubImpl: Type = 2, RectF = RectF(302.0, 1216.0, 412.0, 1326.0), mInsertionHandleData = [HandleData{mIsShow=true, mPosition=RectF(302.0, 1216.0, 412.0, 1326.0)}]
227-12-03 16:59:18.889 21904 21904 D EditorStubImpl: isMultiHandle = false, status = 3, sendData = [RectF(302.0, 1216.0, 412.0, 1326.0)]
228:12-03 16:59:18.906 21904 21904 D AlbaTpl : scheduleAutoSavePattern: disabled (save only at finalize)
229-12-03 16:59:18.907 21904 21904 D EditorStubImpl: Type = 2, RectF = RectF(302.0, 1216.0, 412.0, 1326.0), mInsertionHandleData = [HandleData{mIsShow=false, mPosition=RectF(302.0, 1216.0, 412.0, 1326.0)}]
230:12-03 16:59:18.944 21904 21904 D AlbaTpl : scheduleAutoSavePattern: disabled (save only at finalize)
231-12-03 16:59:18.945 21904 21904 D EditorStubImpl: Type = 2, RectF = RectF(302.0, 1216.0, 412.0, 1326.0), mInsertionHandleData = [HandleData{mIsShow=false, mPosition=RectF(302.0, 1216.0, 412.0, 1326.0)}]
232:12-03 16:59:18.997 21904 21904 D AlbaTpl : scheduleAutoSavePattern: disabled (save only at finalize)
233-12-03 16:59:18.998 21904 21904 D EditorStubImpl: Type = 2, RectF = RectF(302.0, 1216.0, 412.0, 1326.0), mInsertionHandleData = [HandleData{mIsShow=false, mPosition=RectF(302.0, 1216.0, 412.0, 1326.0)}]
234:12-03 16:59:19.049 21904 21904 D AlbaTpl : scheduleAutoSavePattern: disabled (save only at finalize)
235-12-03 16:59:19.051 21904 21904 D EditorStubImpl: Type = 2, RectF = RectF(302.0, 1216.0, 412.0, 1326.0), mInsertionHandleData = [HandleData{mIsShow=false, mPosition=RectF(302.0, 1216.0, 412.0, 1326.0)}]
236:12-03 16:59:19.100 21904 21904 D AlbaTpl : scheduleAutoSavePattern: disabled (save only at finalize)
237-12-03 16:59:19.101 21904 21904 D EditorStubImpl: Type = 2, RectF = RectF(302.0, 1216.0, 412.0, 1326.0), mInsertionHandleData = [HandleData{mIsShow=false, mPosition=RectF(302.0, 1216.0, 412.0, 1326.0)}]
238:12-03 16:59:19.153 21904 21904 D AlbaTpl : scheduleAutoSavePattern: disabled (save only at finalize)
239-12-03 16:59:19.154 21904 21904 D EditorStubImpl: Type = 2, RectF = RectF(302.0, 1216.0, 412.0, 1326.0), mInsertionHandleData = [HandleData{mIsShow=false, mPosition=RectF(302.0, 1216.0, 412.0, 1326.0)}]
240:12-03 16:59:19.210 21904 21904 D AlbaTpl : scheduleAutoSavePattern: disabled (save only at finalize)
241-12-03 16:59:19.212 21904 21904 D EditorStubImpl: Type = 2, RectF = RectF(302.0, 1216.0, 412.0, 1326.0), mInsertionHandleData = [HandleData{mIsShow=false, mPosition=RectF(302.0, 1216.0, 412.0, 1326.0)}]
242:12-03 16:59:19.263 21904 21904 D AlbaTpl : scheduleAutoSavePattern: disabled (save only at finalize)
243-12-03 16:59:19.265 21904 21904 D EditorStubImpl: Type = 2, RectF = RectF(302.0, 1216.0, 412.0, 1326.0), mInsertionHandleData = [HandleData{mIsShow=false, mPosition=RectF(302.0, 1216.0, 412.0, 1326.0)}]
244:12-03 16:59:22.003 21904 21904 D AlbaTpl : scheduleAutoSavePattern: disabled (save only at finalize)
245-12-03 16:59:22.008 21904 21904 D EditorStubImpl: Type = 2, RectF = RectF(302.0, 1216.0, 412.0, 1326.0), mInsertionHandleData = [HandleData{mIsShow=false, mPosition=RectF(302.0, 1216.0, 412.0, 1326.0)}]
246:12-03 16:59:25.830 21904 21904 D AlbaTpl : scheduleAutoSavePattern: disabled (save only at finalize)
247-12-03 16:59:25.833 21904 21904 D EditorStubImpl: Type = 2, RectF = RectF(302.0, 1216.0, 412.0, 1326.0), mInsertionHandleData = [HandleData{mIsShow=false, mPosition=RectF(302.0, 1216.0, 412.0, 1326.0)}]
248:12-03 16:59:26.257 21904 21904 D AlbaTpl : scheduleAutoSavePattern: disabled (save only at finalize)
249-12-03 16:59:26.258 21904 21904 D EditorStubImpl: Type = 2, RectF = RectF(302.0, 1216.0, 412.0, 1326.0), mInsertionHandleData = [HandleData{mIsShow=false, mPosition=RectF(302.0, 1216.0, 412.0, 1326.0)}]
250:12-03 16:59:28.666 21904 21904 D AlbaTpl : scheduleAutoSavePattern: disabled (save only at finalize)
251-12-03 16:59:28.668 21904 21904 D EditorStubImpl: Type = 2, RectF = RectF(302.0, 1216.0, 412.0, 1326.0), mInsertionHandleData = [HandleData{mIsShow=false, mPosition=RectF(302.0, 1216.0, 412.0, 1326.0)}]
252:12-03 16:59:29.197 21904 21904 D AlbaTpl : scheduleAutoSavePattern: disabled (save only at finalize)
253-12-03 16:59:29.199 21904 21904 D EditorStubImpl: Type = 2, RectF = RectF(302.0, 1216.0, 412.0, 1326.0), mInsertionHandleData = [HandleData{mIsShow=false, mPosition=RectF(302.0, 1216.0, 412.0, 1326.0)}]
254:12-03 16:59:32.142 21904 21904 D AlbaTpl : scheduleAutoSavePattern: disabled (save only at finalize)
255-12-03 16:59:32.146 21904 21904 D EditorStubImpl: Type = 2, RectF = RectF(302.0, 1216.0, 412.0, 1326.0), mInsertionHandleData = [HandleData{mIsShow=false, mPosition=RectF(302.0, 1216.0, 412.0, 1326.0)}]
256:12-03 16:59:32.574 21904 21904 D AlbaTpl : scheduleAutoSavePattern: disabled (save only at finalize)
257-12-03 16:59:32.577 21904 21904 D EditorStubImpl: Type = 2, RectF = RectF(302.0, 1216.0, 412.0, 1326.0), mInsertionHandleData = [HandleData{mIsShow=false, mPosition=RectF(302.0, 1216.0, 412.0, 1326.0)}]
258:12-03 16:59:33.106 21904 21904 D AlbaTpl : scheduleAutoSavePattern: disabled (save only at finalize)
259-12-03 16:59:33.108 21904 21904 D EditorStubImpl: Type = 2, RectF = RectF(302.0, 1216.0, 412.0, 1326.0), mInsertionHandleData = [HandleData{mIsShow=false, mPosition=RectF(302.0, 1216.0, 412.0, 1326.0)}]
260:12-03 16:59:33.546 21904 21904 D AlbaTpl : scheduleAutoSavePattern: disabled (save only at finalize)
261-12-03 16:59:33.551 21904 21904 D EditorStubImpl: Type = 2, RectF = RectF(302.0, 1216.0, 412.0, 1326.0), mInsertionHandleData = [HandleData{mIsShow=false, mPosition=RectF(302.0, 1216.0, 412.0, 1326.0)}]
262-12-03 16:59:33.903 21904 21904 D Editor  : Double tap detection is fail
263-12-03 16:59:34.419 21904 21904 D Editor  : Double tap detection is fail
264-12-03 16:59:34.501 21904 21904 D EditorStubImpl: Type = 2, RectF = RectF(302.0, 1216.0, 412.0, 1326.0), mInsertionHandleData = [HandleData{mIsShow=false, mPosition=RectF(302.0, 1216.0, 412.0, 1326.0)}]
--
624-12-03 17:00:16.282 21904 21904 D VRI[PopupWindow:3e9]: vri.reportNextDraw android.view.ViewRootImpl.handleResized:2083 android.view.ViewRootImpl.-$$Nest$mhandleResized:0 android.view.ViewRootImpl$ViewRootHandler.handleMessageImpl:6167 android.view.ViewRootImpl$ViewRootHandler.handleMessage:6136 android.os.Handler.dispatchMessage:106 
625-12-03 17:00:16.285 21904 21904 D VRI[PopupWindow:3e9]: vri.Setup new sync id=1 syncSeqId=0
626-12-03 17:00:16.287 21904 21904 D EditorStubImpl: Type = 1, RectF = RectF(338.0, 843.0, 448.0, 953.0), mInsertionHandleData = [HandleData{mIsShow=true, mPosition=RectF(338.0, 843.0, 448.0, 953.0)}]
627-12-03 17:00:16.290 21904 21904 D VRI[PopupWindow:3e9]: vri.reportDrawFinished syncSeqId=0 android.view.ViewRootImpl.lambda$createSyncIfNeeded$4$android-view-ViewRootImpl:4081 android.view.ViewRootImpl$$ExternalSyntheticLambda2.run:6 android.os.Handler.handleCallback:942 android.os.Handler.dispatchMessage:99 android.os.Looper.loopOnce:211 
628:12-03 17:00:17.514 21904 21904 D AlbaTpl : scheduleAutoSavePattern: disabled (save only at finalize)
629-12-03 17:00:17.532 21904 21904 D EditorStubImpl: Type = 2, RectF = RectF(338.0, 843.0, 448.0, 953.0), mInsertionHandleData = [HandleData{mIsShow=true, mPosition=RectF(338.0, 843.0, 448.0, 953.0)}]
630-12-03 17:00:17.532 21904 21904 D EditorStubImpl: isMultiHandle = false, status = 3, sendData = [RectF(338.0, 843.0, 448.0, 953.0)]
631:12-03 17:00:18.951 21904 21904 D AlbaTpl : scheduleAutoSavePattern: disabled (save only at finalize)
632-12-03 17:00:18.956 21904 21904 D EditorStubImpl: Type = 2, RectF = RectF(338.0, 843.0, 448.0, 953.0), mInsertionHandleData = [HandleData{mIsShow=false, mPosition=RectF(338.0, 843.0, 448.0, 953.0)}]
633:12-03 17:00:19.671 21904 21904 D AlbaTpl : scheduleAutoSavePattern: disabled (save only at finalize)
634-12-03 17:00:19.673 21904 21904 D EditorStubImpl: Type = 2, RectF = RectF(338.0, 843.0, 448.0, 953.0), mInsertionHandleData = [HandleData{mIsShow=false, mPosition=RectF(338.0, 843.0, 448.0, 953.0)}]
635:12-03 17:00:22.631 21904 21904 D AlbaTpl : scheduleAutoSavePattern: disabled (save only at finalize)
636-12-03 17:00:22.634 21904 21904 D EditorStubImpl: Type = 2, RectF = RectF(338.0, 843.0, 448.0, 953.0), mInsertionHandleData = [HandleData{mIsShow=false, mPosition=RectF(338.0, 843.0, 448.0, 953.0)}]
637:12-03 17:00:23.440 21904 21904 D AlbaTpl : scheduleAutoSavePattern: disabled (save only at finalize)
638-12-03 17:00:23.442 21904 21904 D EditorStubImpl: Type = 2, RectF = RectF(338.0, 843.0, 448.0, 953.0), mInsertionHandleData = [HandleData{mIsShow=false, mPosition=RectF(338.0, 843.0, 448.0, 953.0)}]
639:12-03 17:00:24.006 21904 21904 D AlbaTpl : scheduleAutoSavePattern: disabled (save only at finalize)
640-12-03 17:00:24.009 21904 21904 D EditorStubImpl: Type = 2, RectF = RectF(338.0, 843.0, 448.0, 953.0), mInsertionHandleData = [HandleData{mIsShow=false, mPosition=RectF(338.0, 843.0, 448.0, 953.0)}]
641:12-03 17:00:25.404 21904 21904 D AlbaTpl : scheduleAutoSavePattern: disabled (save only at finalize)
642-12-03 17:00:25.408 21904 21904 D EditorStubImpl: Type = 2, RectF = RectF(338.0, 843.0, 448.0, 953.0), mInsertionHandleData = [HandleData{mIsShow=false, mPosition=RectF(338.0, 843.0, 448.0, 953.0)}]
643-12-03 17:00:27.402 21904 21904 D Editor  : Double tap detection is fail
644-12-03 17:00:27.470 21904 21904 D EditorStubImpl: Type = 2, RectF = RectF(338.0, 843.0, 448.0, 953.0), mInsertionHandleData = [HandleData{mIsShow=false, mPosition=RectF(338.0, 843.0, 448.0, 953.0)}]
645-12-03 17:00:27.475 21904 21904 I HandWritingStubImpl: refreshLastKeyboardType: 1
--
664-12-03 17:00:27.564 21904 21904 D EditorStubImpl: isMultiHandle = false, status = 2, sendData = [RectF(53.0, 1064.0, 163.0, 1174.0)]
665-12-03 17:00:27.566 21904 21904 D VRI[PopupWindow:3e9]: vri.reportDrawFinished syncSeqId=0 android.view.ViewRootImpl.lambda$createSyncIfNeeded$4$android-view-ViewRootImpl:4081 android.view.ViewRootImpl$$ExternalSyntheticLambda2.run:6 android.os.Handler.handleCallback:942 android.os.Handler.dispatchMessage:99 android.os.Looper.loopOnce:211 
666-12-03 17:00:27.567 21904 21904 D InsetsController: show(ime(), fromIme=true)
667-12-03 17:00:27.567 21904 21904 D InsetsController: show(ime(), fromIme=true)
668:12-03 17:00:28.219 21904 21904 D AlbaTpl : scheduleAutoSavePattern: disabled (save only at finalize)
669-12-03 17:00:28.230 21904 21904 D EditorStubImpl: Type = 2, RectF = RectF(53.0, 1064.0, 163.0, 1174.0), mInsertionHandleData = [HandleData{mIsShow=true, mPosition=RectF(53.0, 1064.0, 163.0, 1174.0)}]
670-12-03 17:00:28.230 21904 21904 D EditorStubImpl: isMultiHandle = false, status = 3, sendData = [RectF(53.0, 1064.0, 163.0, 1174.0)]
671:12-03 17:00:29.307 21904 21904 D AlbaTpl : scheduleAutoSavePattern: disabled (save only at finalize)
672-12-03 17:00:29.313 21904 21904 D EditorStubImpl: Type = 2, RectF = RectF(53.0, 1064.0, 163.0, 1174.0), mInsertionHandleData = [HandleData{mIsShow=false, mPosition=RectF(53.0, 1064.0, 163.0, 1174.0)}]
673:12-03 17:00:29.801 21904 21904 D AlbaTpl : scheduleAutoSavePattern: disabled (save only at finalize)
674-12-03 17:00:29.804 21904 21904 D EditorStubImpl: Type = 2, RectF = RectF(53.0, 1064.0, 163.0, 1174.0), mInsertionHandleData = [HandleData{mIsShow=false, mPosition=RectF(53.0, 1064.0, 163.0, 1174.0)}]
675-12-03 17:00:30.268 21904 21904 D Editor  : Double tap detection is fail
676-12-03 17:00:30.347 21904 21904 D EditorStubImpl: Type = 2, RectF = RectF(53.0, 1064.0, 163.0, 1174.0), mInsertionHandleData = [HandleData{mIsShow=false, mPosition=RectF(53.0, 1064.0, 163.0, 1174.0)}]
677-12-03 17:00:30.348 21904 21904 I HandWritingStubImpl: refreshLastKeyboardType: 1
--
696-12-03 17:00:30.411 21904 21904 D InsetsController: show(ime(), fromIme=true)
697-12-03 17:00:30.419 21904 21904 D EditorStubImpl: Type = 1, RectF = RectF(376.0, 1064.0, 486.0, 1174.0), mInsertionHandleData = [HandleData{mIsShow=true, mPosition=RectF(373.0, 1064.0, 483.0, 1174.0)}]
698-12-03 17:00:30.419 21904 21904 D EditorStubImpl: isMultiHandle = false, status = 2, sendData = [RectF(376.0, 1064.0, 486.0, 1174.0)]
699-12-03 17:00:30.446 21904 21904 D InsetsController: show(ime(), fromIme=true)
700:12-03 17:00:31.131 21904 21904 D AlbaTpl : scheduleAutoSavePattern: disabled (save only at finalize)
701-12-03 17:00:31.146 21904 21904 D EditorStubImpl: Type = 2, RectF = RectF(376.0, 1064.0, 486.0, 1174.0), mInsertionHandleData = [HandleData{mIsShow=true, mPosition=RectF(376.0, 1064.0, 486.0, 1174.0)}]
702-12-03 17:00:31.146 21904 21904 D EditorStubImpl: isMultiHandle = false, status = 3, sendData = [RectF(376.0, 1064.0, 486.0, 1174.0)]
703-12-03 17:00:31.772 21904 21904 D MIUIInput: [KeyEvent] ViewRootImpl windowName 'com.albacontrol/com.albacontrol.MainActivity', KeyEvent { action=ACTION_DOWN, keyCode=KEYCODE_BACK, scanCode=0, metaState=0, flags=0x48, repeatCount=0, eventTime=206780630000000, downTime=206780630000000, deviceId=-1, source=0x101, displayId=0 }, phoneEventTime=17:00:31.699
704-12-03 17:00:31.814 21904 21904 D MIUIInput: [KeyEvent] ViewRootImpl windowName 'com.albacontrol/com.albacontrol.MainActivity', KeyEvent { action=ACTION_UP, keyCode=KEYCODE_BACK, scanCode=0, metaState=0, flags=0x48, repeatCount=0, eventTime=206780694000000, downTime=206780630000000, deviceId=-1, source=0x101, displayId=0 }, phoneEventTime=17:00:31.763
--
711-12-03 17:00:34.769 21904 21904 I AssistStructure: Flattened final assist data: 10316 bytes, containing 1 windows, 51 views
712-12-03 17:00:34.800 21904 21904 W OnBackInvokedCallback: OnBackInvokedCallback is not enabled for the application.
713-12-03 17:00:34.800 21904 21904 W OnBackInvokedCallback: Set 'android:enableOnBackInvokedCallback="true"' in the application manifest.
714-12-03 17:00:34.840 21904 21904 D InsetsController: show(ime(), fromIme=true)
715:12-03 17:00:36.111 21904 21904 D AlbaTpl : scheduleAutoSavePattern: disabled (save only at finalize)
716:12-03 17:00:36.773 21904 21904 D AlbaTpl : scheduleAutoSavePattern: disabled (save only at finalize)
717:12-03 17:00:37.579 21904 21904 D AlbaTpl : scheduleAutoSavePattern: disabled (save only at finalize)
718:12-03 17:00:38.367 21904 21904 D AlbaTpl : scheduleAutoSavePattern: disabled (save only at finalize)
719:12-03 17:00:40.460 21904 21904 D AlbaTpl : scheduleAutoSavePattern: disabled (save only at finalize)
720:12-03 17:00:41.514 21904 21904 D AlbaTpl : scheduleAutoSavePattern: disabled (save only at finalize)
721:12-03 17:00:42.303 21904 21904 D AlbaTpl : scheduleAutoSavePattern: disabled (save only at finalize)
722:12-03 17:00:44.343 21904 21904 D AlbaTpl : scheduleAutoSavePattern: disabled (save only at finalize)
723:12-03 17:00:46.841 21904 21904 D AlbaTpl : scheduleAutoSavePattern: disabled (save only at finalize)
724:12-03 17:00:47.842 21904 21904 D AlbaTpl : scheduleAutoSavePattern: disabled (save only at finalize)
725:12-03 17:00:48.565 21904 21904 D AlbaTpl : scheduleAutoSavePattern: disabled (save only at finalize)
726:12-03 17:00:51.162 21904 21904 D AlbaTpl : scheduleAutoSavePattern: disabled (save only at finalize)
727:12-03 17:00:52.237 21904 21904 D AlbaTpl : scheduleAutoSavePattern: disabled (save only at finalize)
728-12-03 17:00:52.843 21904 21904 D Editor  : Double tap detection is fail
729-12-03 17:00:53.555 21904 21904 D Editor  : Double tap detection is fail
730-12-03 17:00:53.634 21904 21904 I HandWritingStubImpl: refreshLastKeyboardType: 1
731-12-03 17:00:53.640 21904 21904 I HandWritingStubImpl: getCurrentKeyboardType: 1
--
735-12-03 17:00:53.711 21904 21904 W OnBackInvokedCallback: OnBackInvokedCallback is not enabled for the application.
736-12-03 17:00:53.711 21904 21904 W OnBackInvokedCallback: Set 'android:enableOnBackInvokedCallback="true"' in the application manifest.
737-12-03 17:00:53.711 21904 21904 D InsetsController: show(ime(), fromIme=true)
738-12-03 17:00:53.724 21904 21904 D InsetsController: show(ime(), fromIme=true)
739:12-03 17:00:55.388 21904 21904 D AlbaTpl : scheduleAutoSavePattern: disabled (save only at finalize)
740:12-03 17:00:55.903 21904 21904 D AlbaTpl : scheduleAutoSavePattern: disabled (save only at finalize)
741-12-03 17:00:56.288 21904 21904 D Editor  : Double tap detection is fail
742-12-03 17:00:56.517 21904 21904 D SplineOverScroller: mFlingDuration: 1079,mFlingDistance: 213.4883575439453,mVelocity: -509
743-12-03 17:00:56.911 21904 21904 D MIUIInput: [KeyEvent] ViewRootImpl windowName 'com.albacontrol/com.albacontrol.MainActivity', KeyEvent { action=ACTION_DOWN, keyCode=KEYCODE_BACK, scanCode=0, metaState=0, flags=0x48, repeatCount=0, eventTime=206805755000000, downTime=206805755000000, deviceId=-1, source=0x101, displayId=0 }, phoneEventTime=17:00:56.823
744-12-03 17:00:56.915 21904 21904 D MIUIInput: [KeyEvent] ViewRootImpl windowName 'com.albacontrol/com.albacontrol.MainActivity', KeyEvent { action=ACTION_UP, keyCode=KEYCODE_BACK, scanCode=0, metaState=0, flags=0x48, repeatCount=0, eventTime=206805836000000, downTime=206805755000000, deviceId=-1, source=0x101, displayId=0 }, phoneEventTime=17:00:56.905
745-12-03 17:00:57.440 21904 21904 E SplineOverScroller: unnecessary adjustClockInNanos, timeInNanos = 206806372381106
746-12-03 17:00:57.659 21904 21904 D SplineOverScroller: mFlingDuration: 1920,mFlingDistance: 1421.8603515625,mVelocity: 3107
747:12-03 17:00:58.824 21904 21904 D AlbaTpl : savePatternFromCorrections: entry
748:12-03 17:00:58.827 21904 21904 D AlbaTpl : savePattern: field=proveedor text='BIMBO DONUTS IBERIA, S.A.U' bbox=Rect(371, 440 - 663, 468) normalized=(0.3220486,0.21484375,0.2534722,0.013671875)
749:12-03 17:00:58.828 21904 21904 D AlbaTpl : savePattern: field=nif text='A84354174' bbox=Rect(370, 471 - 475, 490) normalized=(0.32118055,0.22998047,0.091145836,0.009277344)
750:12-03 17:00:58.828 21904 21904 D AlbaTpl : savePattern: field=numero_albaran text='168683744' bbox=Rect(496, 797 - 594, 813) normalized=(0.43055555,0.38916016,0.08506945,0.0078125)
751:12-03 17:00:58.828 21904 21904 D AlbaTpl : savePattern: field=fecha_albaran text='21/11/25' bbox=Rect(163, 786 - 244, 805) normalized=(0.14149305,0.38378906,0.0703125,0.009277344)
752:12-03 17:00:58.893 21904 21904 D AlbaTpl : inserted TemplateSample id=1 provider='a84354174' image='/storage/emulated/0/Android/data/com.albacontrol/files/templates/tpl_sample_1764777658836.jpg' mappings=[proveedor, nif, numero_albaran, fecha_albaran, product_row, product_unidades, product_precio, product_importe]
753-12-03 17:00:58.957 21904 21904 D ScrollerOptimizationManager: registerConfigChangedListener
754-12-03 17:00:58.977 21904 21904 D EditorStubImpl: Type = 2, RectF = RectF(201.0, 995.0, 311.0, 1105.0), mInsertionHandleData = [HandleData{mIsShow=false, mPosition=RectF(201.0, 995.0, 311.0, 1105.0)}]
755-12-03 17:00:58.977 21904 21904 D EditorStubImpl: Type = 2, RectF = RectF(302.0, 1216.0, 412.0, 1326.0), mInsertionHandleData = [HandleData{mIsShow=false, mPosition=RectF(302.0, 1216.0, 412.0, 1326.0)}]
756-12-03 17:00:58.978 21904 21904 D EditorStubImpl: Type = 2, RectF = RectF(338.0, 843.0, 448.0, 953.0), mInsertionHandleData = [HandleData{mIsShow=false, mPosition=RectF(338.0, 843.0, 448.0, 953.0)}]
--
773-12-03 17:01:13.448 21904 26177 D TransportRuntime.SQLiteEventStore: Storing event with priority=VERY_LOW, name=FIREBASE_ML_SDK for destination cct
774-12-03 17:01:13.451 21904 26177 D TransportRuntime.JobInfoScheduler: Upload for context TransportContext(cct, VERY_LOW, MSRodHRwczovL2ZpcmViYXNlbG9nZ2luZy5nb29nbGVhcGlzLmNvbS92MGNjL2xvZy9iYXRjaD9mb3JtYXQ9anNvbl9wcm90bzNc) is already scheduled. Returning...
775-12-03 17:01:13.460 21904 26177 D TransportRuntime.SQLiteEventStore: Storing event with priority=VERY_LOW, name=FIREBASE_ML_SDK for destination cct
776-12-03 17:01:13.463 21904 26177 D TransportRuntime.JobInfoScheduler: Upload for context TransportContext(cct, VERY_LOW, MSRodHRwczovL2ZpcmViYXNlbG9nZ2luZy5nb29nbGVhcGlzLmNvbS92MGNjL2xvZy9iYXRjaD9mb3JtYXQ9anNvbl9wcm90bzNc) is already scheduled. Returning...
777:12-03 17:01:13.466 21904 21904 D AlbaTpl : scheduleAutoSavePattern: disabled (save only at finalize)
778:12-03 17:01:13.471 21904 21904 D AlbaTpl : scheduleAutoSavePattern: disabled (save only at finalize)
779:12-03 17:01:13.782 21904 21904 D AlbaTpl : applyTemplateIfExists: candidates nif='B59803825' proveedor='BIMBO'
780:12-03 17:01:13.793 21904 21904 D AlbaTpl : template matching candidatesSet=[b59803825, bimbo, 211125, 009005, 729765, clcas, 42, lluretdemar, 17310, 59803825, totaluds, 66, 16868, 84354174, ccigoitiamadrid, 1, 28022, abdelilah, 19723, enhmlloret, 0, 030300, clcastell, girona, magdalenaudslbe, 16, magdalenalbe, 8, tel, 900, 125, 375, regmercmadridtomo36818folio99sección8hojam382167inscripción, 17, 2023000078202023000007870, deleggirona, cd009005, cliente729765, serhs, food, area, lluret, cifb59803825, fecha, 496125, 498455, total, rutero16868, donuts, iberia, sau, a84354174, polígono, industrial, mercedes, ccig, oitia, madrid, ccliente, 0030008016, productos, copla, orig, inal, pegar, identicket, 29918, 21112025, 061530, muchas, gracias, transpo19723, servido0, enhm, lloret, tda030300, castell, magdalena, nalbaran, 168683744, route, recibí, conforme, firma, reg, merc, tomo, 36818, folio, sección, hoja, m382167, inscripción, envi2023o00007820envi2023000007870, precios, segun, tarifa, referencia, sujetos, condiciones, comerciales, partes, someten, expresam, ente, jurisdiccion, juzgados, tribunales]
781-12-03 17:01:13.901 21904 21904 W Looper  : PerfMonitor doFrame : time=105ms vsyncFrame=0 latency=326ms procState=-1 historyMsgCount=1
782:12-03 17:01:13.947 21904 21904 D AlbaTpl : no matching template found for candidates=[b59803825, bimbo, 211125, 009005, 729765, clcas, 42, lluretdemar, 17310, 59803825, totaluds, 66, 16868, 84354174, ccigoitiamadrid, 1, 28022, abdelilah, 19723, enhmlloret, 0, 030300, clcastell, girona, magdalenaudslbe, 16, magdalenalbe, 8, tel, 900, 125, 375, regmercmadridtomo36818folio99sección8hojam382167inscripción, 17, 2023000078202023000007870, deleggirona, cd009005, cliente729765, serhs, food, area, lluret, cifb59803825, fecha, 496125, 498455, total, rutero16868, donuts, iberia, sau, a84354174, polígono, industrial, mercedes, ccig, oitia, madrid, ccliente, 0030008016, productos, copla, orig, inal, pegar, identicket, 29918, 21112025, 061530, muchas, gracias, transpo19723, servido0, enhm, lloret, tda030300, castell, magdalena, nalbaran, 168683744, route, recibí, conforme, firma, reg, merc, tomo, 36818, folio, sección, hoja, m382167, inscripción, envi2023o00007820envi2023000007870, precios, segun, tarifa, referencia, sujetos, condiciones, comerciales, partes, someten, expresam, ente, jurisdiccion, juzgados, tribunales] loadedTemplates=[] bestScore=0.0
783-12-03 17:02:18.468 21904 21904 D DecorView[]: onWindowFocusChanged hasWindowFocus false
