Running artifacts_device/templates_debug/templates_debug/crops/preproc_1765357395057.png psm=3 whitelist='' -> artifacts_device/variants/preproc_1765357395057.png_psm3_wl_all.txt
Running artifacts_device/templates_debug/templates_debug/crops/preproc_1765357395057.png psm=3 whitelist='0123456789' -> artifacts_device/variants/preproc_1765357395057.png_psm3_wl_0123456789.txt
Running artifacts_device/templates_debug/templates_debug/crops/preproc_1765357395057.png psm=3 whitelist='0123456789ABCDEFGHIJKLMNOPQRSTUVWXYZ' -> artifacts_device/variants/preproc_1765357395057.png_psm3_wl_0123456789ABCDEFGHIJKLMNOPQRSTUVWXYZ.txt
Running artifacts_device/templates_debug/templates_debug/crops/preproc_1765357395057.png psm=3 whitelist='ABCDEFGHIJKLMNOPQRSTUVWXYZ' -> artifacts_device/variants/preproc_1765357395057.png_psm3_wl_ABCDEFGHIJKLMNOPQRSTUVWXYZ.txt
Running artifacts_device/templates_debug/templates_debug/crops/preproc_1765357395057.png psm=6 whitelist='' -> artifacts_device/variants/preproc_1765357395057.png_psm6_wl_all.txt
Running artifacts_device/templates_debug/templates_debug/crops/preproc_1765357395057.png psm=6 whitelist='0123456789' -> artifacts_device/variants/preproc_1765357395057.png_psm6_wl_0123456789.txt
Running artifacts_device/templates_debug/templates_debug/crops/preproc_1765357395057.png psm=6 whitelist='0123456789ABCDEFGHIJKLMNOPQRSTUVWXYZ' -> artifacts_device/variants/preproc_1765357395057.png_psm6_wl_0123456789ABCDEFGHIJKLMNOPQRSTUVWXYZ.txt
Running artifacts_device/templates_debug/templates_debug/crops/preproc_1765357395057.png psm=6 whitelist='ABCDEFGHIJKLMNOPQRSTUVWXYZ' -> artifacts_device/variants/preproc_1765357395057.png_psm6_wl_ABCDEFGHIJKLMNOPQRSTUVWXYZ.txt
Running artifacts_device/templates_debug/templates_debug/crops/preproc_1765357395057.png psm=7 whitelist='' -> artifacts_device/variants/preproc_1765357395057.png_psm7_wl_all.txt
Running artifacts_device/templates_debug/templates_debug/crops/preproc_1765357395057.png psm=7 whitelist='0123456789' -> artifacts_device/variants/preproc_1765357395057.png_psm7_wl_0123456789.txt
Running artifacts_device/templates_debug/templates_debug/crops/preproc_1765357395057.png psm=7 whitelist='0123456789ABCDEFGHIJKLMNOPQRSTUVWXYZ' -> artifacts_device/variants/preproc_1765357395057.png_psm7_wl_0123456789ABCDEFGHIJKLMNOPQRSTUVWXYZ.txt
Running artifacts_device/templates_debug/templates_debug/crops/preproc_1765357395057.png psm=7 whitelist='ABCDEFGHIJKLMNOPQRSTUVWXYZ' -> artifacts_device/variants/preproc_1765357395057.png_psm7_wl_ABCDEFGHIJKLMNOPQRSTUVWXYZ.txt
Running artifacts_device/templates_debug/templates_debug/crops/preproc_1765357395057.png psm=11 whitelist='' -> artifacts_device/variants/preproc_1765357395057.png_psm11_wl_all.txt
Running artifacts_device/templates_debug/templates_debug/crops/preproc_1765357395057.png psm=11 whitelist='0123456789' -> artifacts_device/variants/preproc_1765357395057.png_psm11_wl_0123456789.txt
Running artifacts_device/templates_debug/templates_debug/crops/preproc_1765357395057.png psm=11 whitelist='0123456789ABCDEFGHIJKLMNOPQRSTUVWXYZ' -> artifacts_device/variants/preproc_1765357395057.png_psm11_wl_0123456789ABCDEFGHIJKLMNOPQRSTUVWXYZ.txt
Running artifacts_device/templates_debug/templates_debug/crops/preproc_1765357395057.png psm=11 whitelist='ABCDEFGHIJKLMNOPQRSTUVWXYZ' -> artifacts_device/variants/preproc_1765357395057.png_psm11_wl_ABCDEFGHIJKLMNOPQRSTUVWXYZ.txt
Running artifacts_device/templates_debug/templates_debug/crops/preproc_1765357553097.png psm=3 whitelist='' -> artifacts_device/variants/preproc_1765357553097.png_psm3_wl_all.txt
Running artifacts_device/templates_debug/templates_debug/crops/preproc_1765357553097.png psm=3 whitelist='0123456789' -> artifacts_device/variants/preproc_1765357553097.png_psm3_wl_0123456789.txt
Running artifacts_device/templates_debug/templates_debug/crops/preproc_1765357553097.png psm=3 whitelist='0123456789ABCDEFGHIJKLMNOPQRSTUVWXYZ' -> artifacts_device/variants/preproc_1765357553097.png_psm3_wl_0123456789ABCDEFGHIJKLMNOPQRSTUVWXYZ.txt
Running artifacts_device/templates_debug/templates_debug/crops/preproc_1765357553097.png psm=3 whitelist='ABCDEFGHIJKLMNOPQRSTUVWXYZ' -> artifacts_device/variants/preproc_1765357553097.png_psm3_wl_ABCDEFGHIJKLMNOPQRSTUVWXYZ.txt
Running artifacts_device/templates_debug/templates_debug/crops/preproc_1765357553097.png psm=6 whitelist='' -> artifacts_device/variants/preproc_1765357553097.png_psm6_wl_all.txt
Running artifacts_device/templates_debug/templates_debug/crops/preproc_1765357553097.png psm=6 whitelist='0123456789' -> artifacts_device/variants/preproc_1765357553097.png_psm6_wl_0123456789.txt
Running artifacts_device/templates_debug/templates_debug/crops/preproc_1765357553097.png psm=6 whitelist='0123456789ABCDEFGHIJKLMNOPQRSTUVWXYZ' -> artifacts_device/variants/preproc_1765357553097.png_psm6_wl_0123456789ABCDEFGHIJKLMNOPQRSTUVWXYZ.txt
Running artifacts_device/templates_debug/templates_debug/crops/preproc_1765357553097.png psm=6 whitelist='ABCDEFGHIJKLMNOPQRSTUVWXYZ' -> artifacts_device/variants/preproc_1765357553097.png_psm6_wl_ABCDEFGHIJKLMNOPQRSTUVWXYZ.txt
Running artifacts_device/templates_debug/templates_debug/crops/preproc_1765357553097.png psm=7 whitelist='' -> artifacts_device/variants/preproc_1765357553097.png_psm7_wl_all.txt
Running artifacts_device/templates_debug/templates_debug/crops/preproc_1765357553097.png psm=7 whitelist='0123456789' -> artifacts_device/variants/preproc_1765357553097.png_psm7_wl_0123456789.txt
Running artifacts_device/templates_debug/templates_debug/crops/preproc_1765357553097.png psm=7 whitelist='0123456789ABCDEFGHIJKLMNOPQRSTUVWXYZ' -> artifacts_device/variants/preproc_1765357553097.png_psm7_wl_0123456789ABCDEFGHIJKLMNOPQRSTUVWXYZ.txt
Running artifacts_device/templates_debug/templates_debug/crops/preproc_1765357553097.png psm=7 whitelist='ABCDEFGHIJKLMNOPQRSTUVWXYZ' -> artifacts_device/variants/preproc_1765357553097.png_psm7_wl_ABCDEFGHIJKLMNOPQRSTUVWXYZ.txt
Running artifacts_device/templates_debug/templates_debug/crops/preproc_1765357553097.png psm=11 whitelist='' -> artifacts_device/variants/preproc_1765357553097.png_psm11_wl_all.txt
Running artifacts_device/templates_debug/templates_debug/crops/preproc_1765357553097.png psm=11 whitelist='0123456789' -> artifacts_device/variants/preproc_1765357553097.png_psm11_wl_0123456789.txt
Running artifacts_device/templates_debug/templates_debug/crops/preproc_1765357553097.png psm=11 whitelist='0123456789ABCDEFGHIJKLMNOPQRSTUVWXYZ' -> artifacts_device/variants/preproc_1765357553097.png_psm11_wl_0123456789ABCDEFGHIJKLMNOPQRSTUVWXYZ.txt
Running artifacts_device/templates_debug/templates_debug/crops/preproc_1765357553097.png psm=11 whitelist='ABCDEFGHIJKLMNOPQRSTUVWXYZ' -> artifacts_device/variants/preproc_1765357553097.png_psm11_wl_ABCDEFGHIJKLMNOPQRSTUVWXYZ.txt
Running artifacts_device/templates_debug/templates_debug/crops/preproc_1765365447099.png psm=3 whitelist='' -> artifacts_device/variants/preproc_1765365447099.png_psm3_wl_all.txt
Running artifacts_device/templates_debug/templates_debug/crops/preproc_1765365447099.png psm=3 whitelist='0123456789' -> artifacts_device/variants/preproc_1765365447099.png_psm3_wl_0123456789.txt
Running artifacts_device/templates_debug/templates_debug/crops/preproc_1765365447099.png psm=3 whitelist='0123456789ABCDEFGHIJKLMNOPQRSTUVWXYZ' -> artifacts_device/variants/preproc_1765365447099.png_psm3_wl_0123456789ABCDEFGHIJKLMNOPQRSTUVWXYZ.txt
Running artifacts_device/templates_debug/templates_debug/crops/preproc_1765365447099.png psm=3 whitelist='ABCDEFGHIJKLMNOPQRSTUVWXYZ' -> artifacts_device/variants/preproc_1765365447099.png_psm3_wl_ABCDEFGHIJKLMNOPQRSTUVWXYZ.txt
Running artifacts_device/templates_debug/templates_debug/crops/preproc_1765365447099.png psm=6 whitelist='' -> artifacts_device/variants/preproc_1765365447099.png_psm6_wl_all.txt
Running artifacts_device/templates_debug/templates_debug/crops/preproc_1765365447099.png psm=6 whitelist='0123456789' -> artifacts_device/variants/preproc_1765365447099.png_psm6_wl_0123456789.txt
Running artifacts_device/templates_debug/templates_debug/crops/preproc_1765365447099.png psm=6 whitelist='0123456789ABCDEFGHIJKLMNOPQRSTUVWXYZ' -> artifacts_device/variants/preproc_1765365447099.png_psm6_wl_0123456789ABCDEFGHIJKLMNOPQRSTUVWXYZ.txt
Running artifacts_device/templates_debug/templates_debug/crops/preproc_1765365447099.png psm=6 whitelist='ABCDEFGHIJKLMNOPQRSTUVWXYZ' -> artifacts_device/variants/preproc_1765365447099.png_psm6_wl_ABCDEFGHIJKLMNOPQRSTUVWXYZ.txt
Running artifacts_device/templates_debug/templates_debug/crops/preproc_1765365447099.png psm=7 whitelist='' -> artifacts_device/variants/preproc_1765365447099.png_psm7_wl_all.txt
Running artifacts_device/templates_debug/templates_debug/crops/preproc_1765365447099.png psm=7 whitelist='0123456789' -> artifacts_device/variants/preproc_1765365447099.png_psm7_wl_0123456789.txt
Running artifacts_device/templates_debug/templates_debug/crops/preproc_1765365447099.png psm=7 whitelist='0123456789ABCDEFGHIJKLMNOPQRSTUVWXYZ' -> artifacts_device/variants/preproc_1765365447099.png_psm7_wl_0123456789ABCDEFGHIJKLMNOPQRSTUVWXYZ.txt
Running artifacts_device/templates_debug/templates_debug/crops/preproc_1765365447099.png psm=7 whitelist='ABCDEFGHIJKLMNOPQRSTUVWXYZ' -> artifacts_device/variants/preproc_1765365447099.png_psm7_wl_ABCDEFGHIJKLMNOPQRSTUVWXYZ.txt
Running artifacts_device/templates_debug/templates_debug/crops/preproc_1765365447099.png psm=11 whitelist='' -> artifacts_device/variants/preproc_1765365447099.png_psm11_wl_all.txt
Running artifacts_device/templates_debug/templates_debug/crops/preproc_1765365447099.png psm=11 whitelist='0123456789' -> artifacts_device/variants/preproc_1765365447099.png_psm11_wl_0123456789.txt
Running artifacts_device/templates_debug/templates_debug/crops/preproc_1765365447099.png psm=11 whitelist='0123456789ABCDEFGHIJKLMNOPQRSTUVWXYZ' -> artifacts_device/variants/preproc_1765365447099.png_psm11_wl_0123456789ABCDEFGHIJKLMNOPQRSTUVWXYZ.txt
Running artifacts_device/templates_debug/templates_debug/crops/preproc_1765365447099.png psm=11 whitelist='ABCDEFGHIJKLMNOPQRSTUVWXYZ' -> artifacts_device/variants/preproc_1765365447099.png_psm11_wl_ABCDEFGHIJKLMNOPQRSTUVWXYZ.txt
Running artifacts_device/templates_debug/templates_debug/crops/preproc_1765365676156.png psm=3 whitelist='' -> artifacts_device/variants/preproc_1765365676156.png_psm3_wl_all.txt
Running artifacts_device/templates_debug/templates_debug/crops/preproc_1765365676156.png psm=3 whitelist='0123456789' -> artifacts_device/variants/preproc_1765365676156.png_psm3_wl_0123456789.txt
Running artifacts_device/templates_debug/templates_debug/crops/preproc_1765365676156.png psm=3 whitelist='0123456789ABCDEFGHIJKLMNOPQRSTUVWXYZ' -> artifacts_device/variants/preproc_1765365676156.png_psm3_wl_0123456789ABCDEFGHIJKLMNOPQRSTUVWXYZ.txt
Running artifacts_device/templates_debug/templates_debug/crops/preproc_1765365676156.png psm=3 whitelist='ABCDEFGHIJKLMNOPQRSTUVWXYZ' -> artifacts_device/variants/preproc_1765365676156.png_psm3_wl_ABCDEFGHIJKLMNOPQRSTUVWXYZ.txt
Running artifacts_device/templates_debug/templates_debug/crops/preproc_1765365676156.png psm=6 whitelist='' -> artifacts_device/variants/preproc_1765365676156.png_psm6_wl_all.txt
Running artifacts_device/templates_debug/templates_debug/crops/preproc_1765365676156.png psm=6 whitelist='0123456789' -> artifacts_device/variants/preproc_1765365676156.png_psm6_wl_0123456789.txt
Running artifacts_device/templates_debug/templates_debug/crops/preproc_1765365676156.png psm=6 whitelist='0123456789ABCDEFGHIJKLMNOPQRSTUVWXYZ' -> artifacts_device/variants/preproc_1765365676156.png_psm6_wl_0123456789ABCDEFGHIJKLMNOPQRSTUVWXYZ.txt
Running artifacts_device/templates_debug/templates_debug/crops/preproc_1765365676156.png psm=6 whitelist='ABCDEFGHIJKLMNOPQRSTUVWXYZ' -> artifacts_device/variants/preproc_1765365676156.png_psm6_wl_ABCDEFGHIJKLMNOPQRSTUVWXYZ.txt
Running artifacts_device/templates_debug/templates_debug/crops/preproc_1765365676156.png psm=7 whitelist='' -> artifacts_device/variants/preproc_1765365676156.png_psm7_wl_all.txt
Running artifacts_device/templates_debug/templates_debug/crops/preproc_1765365676156.png psm=7 whitelist='0123456789' -> artifacts_device/variants/preproc_1765365676156.png_psm7_wl_0123456789.txt
Running artifacts_device/templates_debug/templates_debug/crops/preproc_1765365676156.png psm=7 whitelist='0123456789ABCDEFGHIJKLMNOPQRSTUVWXYZ' -> artifacts_device/variants/preproc_1765365676156.png_psm7_wl_0123456789ABCDEFGHIJKLMNOPQRSTUVWXYZ.txt
Running artifacts_device/templates_debug/templates_debug/crops/preproc_1765365676156.png psm=7 whitelist='ABCDEFGHIJKLMNOPQRSTUVWXYZ' -> artifacts_device/variants/preproc_1765365676156.png_psm7_wl_ABCDEFGHIJKLMNOPQRSTUVWXYZ.txt
Running artifacts_device/templates_debug/templates_debug/crops/preproc_1765365676156.png psm=11 whitelist='' -> artifacts_device/variants/preproc_1765365676156.png_psm11_wl_all.txt
Running artifacts_device/templates_debug/templates_debug/crops/preproc_1765365676156.png psm=11 whitelist='0123456789' -> artifacts_device/variants/preproc_1765365676156.png_psm11_wl_0123456789.txt
Running artifacts_device/templates_debug/templates_debug/crops/preproc_1765365676156.png psm=11 whitelist='0123456789ABCDEFGHIJKLMNOPQRSTUVWXYZ' -> artifacts_device/variants/preproc_1765365676156.png_psm11_wl_0123456789ABCDEFGHIJKLMNOPQRSTUVWXYZ.txt
Running artifacts_device/templates_debug/templates_debug/crops/preproc_1765365676156.png psm=11 whitelist='ABCDEFGHIJKLMNOPQRSTUVWXYZ' -> artifacts_device/variants/preproc_1765365676156.png_psm11_wl_ABCDEFGHIJKLMNOPQRSTUVWXYZ.txt
Running artifacts_device/templates_debug/templates_debug/crops/preproc_1765366755736.png psm=3 whitelist='' -> artifacts_device/variants/preproc_1765366755736.png_psm3_wl_all.txt
Running artifacts_device/templates_debug/templates_debug/crops/preproc_1765366755736.png psm=3 whitelist='0123456789' -> artifacts_device/variants/preproc_1765366755736.png_psm3_wl_0123456789.txt
Running artifacts_device/templates_debug/templates_debug/crops/preproc_1765366755736.png psm=3 whitelist='0123456789ABCDEFGHIJKLMNOPQRSTUVWXYZ' -> artifacts_device/variants/preproc_1765366755736.png_psm3_wl_0123456789ABCDEFGHIJKLMNOPQRSTUVWXYZ.txt
Running artifacts_device/templates_debug/templates_debug/crops/preproc_1765366755736.png psm=3 whitelist='ABCDEFGHIJKLMNOPQRSTUVWXYZ' -> artifacts_device/variants/preproc_1765366755736.png_psm3_wl_ABCDEFGHIJKLMNOPQRSTUVWXYZ.txt
Running artifacts_device/templates_debug/templates_debug/crops/preproc_1765366755736.png psm=6 whitelist='' -> artifacts_device/variants/preproc_1765366755736.png_psm6_wl_all.txt
Running artifacts_device/templates_debug/templates_debug/crops/preproc_1765366755736.png psm=6 whitelist='0123456789' -> artifacts_device/variants/preproc_1765366755736.png_psm6_wl_0123456789.txt
Running artifacts_device/templates_debug/templates_debug/crops/preproc_1765366755736.png psm=6 whitelist='0123456789ABCDEFGHIJKLMNOPQRSTUVWXYZ' -> artifacts_device/variants/preproc_1765366755736.png_psm6_wl_0123456789ABCDEFGHIJKLMNOPQRSTUVWXYZ.txt
Running artifacts_device/templates_debug/templates_debug/crops/preproc_1765366755736.png psm=6 whitelist='ABCDEFGHIJKLMNOPQRSTUVWXYZ' -> artifacts_device/variants/preproc_1765366755736.png_psm6_wl_ABCDEFGHIJKLMNOPQRSTUVWXYZ.txt
Running artifacts_device/templates_debug/templates_debug/crops/preproc_1765366755736.png psm=7 whitelist='' -> artifacts_device/variants/preproc_1765366755736.png_psm7_wl_all.txt
Running artifacts_device/templates_debug/templates_debug/crops/preproc_1765366755736.png psm=7 whitelist='0123456789' -> artifacts_device/variants/preproc_1765366755736.png_psm7_wl_0123456789.txt
Running artifacts_device/templates_debug/templates_debug/crops/preproc_1765366755736.png psm=7 whitelist='0123456789ABCDEFGHIJKLMNOPQRSTUVWXYZ' -> artifacts_device/variants/preproc_1765366755736.png_psm7_wl_0123456789ABCDEFGHIJKLMNOPQRSTUVWXYZ.txt
Running artifacts_device/templates_debug/templates_debug/crops/preproc_1765366755736.png psm=7 whitelist='ABCDEFGHIJKLMNOPQRSTUVWXYZ' -> artifacts_device/variants/preproc_1765366755736.png_psm7_wl_ABCDEFGHIJKLMNOPQRSTUVWXYZ.txt
Running artifacts_device/templates_debug/templates_debug/crops/preproc_1765366755736.png psm=11 whitelist='' -> artifacts_device/variants/preproc_1765366755736.png_psm11_wl_all.txt
Running artifacts_device/templates_debug/templates_debug/crops/preproc_1765366755736.png psm=11 whitelist='0123456789' -> artifacts_device/variants/preproc_1765366755736.png_psm11_wl_0123456789.txt
Running artifacts_device/templates_debug/templates_debug/crops/preproc_1765366755736.png psm=11 whitelist='0123456789ABCDEFGHIJKLMNOPQRSTUVWXYZ' -> artifacts_device/variants/preproc_1765366755736.png_psm11_wl_0123456789ABCDEFGHIJKLMNOPQRSTUVWXYZ.txt
Running artifacts_device/templates_debug/templates_debug/crops/preproc_1765366755736.png psm=11 whitelist='ABCDEFGHIJKLMNOPQRSTUVWXYZ' -> artifacts_device/variants/preproc_1765366755736.png_psm11_wl_ABCDEFGHIJKLMNOPQRSTUVWXYZ.txt
Running artifacts_device/templates_debug/templates_debug/crops/preproc_1765366929241.png psm=3 whitelist='' -> artifacts_device/variants/preproc_1765366929241.png_psm3_wl_all.txt
Running artifacts_device/templates_debug/templates_debug/crops/preproc_1765366929241.png psm=3 whitelist='0123456789' -> artifacts_device/variants/preproc_1765366929241.png_psm3_wl_0123456789.txt
Running artifacts_device/templates_debug/templates_debug/crops/preproc_1765366929241.png psm=3 whitelist='0123456789ABCDEFGHIJKLMNOPQRSTUVWXYZ' -> artifacts_device/variants/preproc_1765366929241.png_psm3_wl_0123456789ABCDEFGHIJKLMNOPQRSTUVWXYZ.txt
Running artifacts_device/templates_debug/templates_debug/crops/preproc_1765366929241.png psm=3 whitelist='ABCDEFGHIJKLMNOPQRSTUVWXYZ' -> artifacts_device/variants/preproc_1765366929241.png_psm3_wl_ABCDEFGHIJKLMNOPQRSTUVWXYZ.txt
Running artifacts_device/templates_debug/templates_debug/crops/preproc_1765366929241.png psm=6 whitelist='' -> artifacts_device/variants/preproc_1765366929241.png_psm6_wl_all.txt
Running artifacts_device/templates_debug/templates_debug/crops/preproc_1765366929241.png psm=6 whitelist='0123456789' -> artifacts_device/variants/preproc_1765366929241.png_psm6_wl_0123456789.txt
Running artifacts_device/templates_debug/templates_debug/crops/preproc_1765366929241.png psm=6 whitelist='0123456789ABCDEFGHIJKLMNOPQRSTUVWXYZ' -> artifacts_device/variants/preproc_1765366929241.png_psm6_wl_0123456789ABCDEFGHIJKLMNOPQRSTUVWXYZ.txt
Running artifacts_device/templates_debug/templates_debug/crops/preproc_1765366929241.png psm=6 whitelist='ABCDEFGHIJKLMNOPQRSTUVWXYZ' -> artifacts_device/variants/preproc_1765366929241.png_psm6_wl_ABCDEFGHIJKLMNOPQRSTUVWXYZ.txt
Running artifacts_device/templates_debug/templates_debug/crops/preproc_1765366929241.png psm=7 whitelist='' -> artifacts_device/variants/preproc_1765366929241.png_psm7_wl_all.txt
Running artifacts_device/templates_debug/templates_debug/crops/preproc_1765366929241.png psm=7 whitelist='0123456789' -> artifacts_device/variants/preproc_1765366929241.png_psm7_wl_0123456789.txt
Running artifacts_device/templates_debug/templates_debug/crops/preproc_1765366929241.png psm=7 whitelist='0123456789ABCDEFGHIJKLMNOPQRSTUVWXYZ' -> artifacts_device/variants/preproc_1765366929241.png_psm7_wl_0123456789ABCDEFGHIJKLMNOPQRSTUVWXYZ.txt
Running artifacts_device/templates_debug/templates_debug/crops/preproc_1765366929241.png psm=7 whitelist='ABCDEFGHIJKLMNOPQRSTUVWXYZ' -> artifacts_device/variants/preproc_1765366929241.png_psm7_wl_ABCDEFGHIJKLMNOPQRSTUVWXYZ.txt
Running artifacts_device/templates_debug/templates_debug/crops/preproc_1765366929241.png psm=11 whitelist='' -> artifacts_device/variants/preproc_1765366929241.png_psm11_wl_all.txt
Running artifacts_device/templates_debug/templates_debug/crops/preproc_1765366929241.png psm=11 whitelist='0123456789' -> artifacts_device/variants/preproc_1765366929241.png_psm11_wl_0123456789.txt
Running artifacts_device/templates_debug/templates_debug/crops/preproc_1765366929241.png psm=11 whitelist='0123456789ABCDEFGHIJKLMNOPQRSTUVWXYZ' -> artifacts_device/variants/preproc_1765366929241.png_psm11_wl_0123456789ABCDEFGHIJKLMNOPQRSTUVWXYZ.txt
Running artifacts_device/templates_debug/templates_debug/crops/preproc_1765366929241.png psm=11 whitelist='ABCDEFGHIJKLMNOPQRSTUVWXYZ' -> artifacts_device/variants/preproc_1765366929241.png_psm11_wl_ABCDEFGHIJKLMNOPQRSTUVWXYZ.txt
Running artifacts_device/templates_debug/templates_debug/crops/preproc_1765367689395.png psm=3 whitelist='' -> artifacts_device/variants/preproc_1765367689395.png_psm3_wl_all.txt
Running artifacts_device/templates_debug/templates_debug/crops/preproc_1765367689395.png psm=3 whitelist='0123456789' -> artifacts_device/variants/preproc_1765367689395.png_psm3_wl_0123456789.txt
Running artifacts_device/templates_debug/templates_debug/crops/preproc_1765367689395.png psm=3 whitelist='0123456789ABCDEFGHIJKLMNOPQRSTUVWXYZ' -> artifacts_device/variants/preproc_1765367689395.png_psm3_wl_0123456789ABCDEFGHIJKLMNOPQRSTUVWXYZ.txt
Running artifacts_device/templates_debug/templates_debug/crops/preproc_1765367689395.png psm=3 whitelist='ABCDEFGHIJKLMNOPQRSTUVWXYZ' -> artifacts_device/variants/preproc_1765367689395.png_psm3_wl_ABCDEFGHIJKLMNOPQRSTUVWXYZ.txt
Running artifacts_device/templates_debug/templates_debug/crops/preproc_1765367689395.png psm=6 whitelist='' -> artifacts_device/variants/preproc_1765367689395.png_psm6_wl_all.txt
Running artifacts_device/templates_debug/templates_debug/crops/preproc_1765367689395.png psm=6 whitelist='0123456789' -> artifacts_device/variants/preproc_1765367689395.png_psm6_wl_0123456789.txt
Running artifacts_device/templates_debug/templates_debug/crops/preproc_1765367689395.png psm=6 whitelist='0123456789ABCDEFGHIJKLMNOPQRSTUVWXYZ' -> artifacts_device/variants/preproc_1765367689395.png_psm6_wl_0123456789ABCDEFGHIJKLMNOPQRSTUVWXYZ.txt
Running artifacts_device/templates_debug/templates_debug/crops/preproc_1765367689395.png psm=6 whitelist='ABCDEFGHIJKLMNOPQRSTUVWXYZ' -> artifacts_device/variants/preproc_1765367689395.png_psm6_wl_ABCDEFGHIJKLMNOPQRSTUVWXYZ.txt
Running artifacts_device/templates_debug/templates_debug/crops/preproc_1765367689395.png psm=7 whitelist='' -> artifacts_device/variants/preproc_1765367689395.png_psm7_wl_all.txt
Running artifacts_device/templates_debug/templates_debug/crops/preproc_1765367689395.png psm=7 whitelist='0123456789' -> artifacts_device/variants/preproc_1765367689395.png_psm7_wl_0123456789.txt
Running artifacts_device/templates_debug/templates_debug/crops/preproc_1765367689395.png psm=7 whitelist='0123456789ABCDEFGHIJKLMNOPQRSTUVWXYZ' -> artifacts_device/variants/preproc_1765367689395.png_psm7_wl_0123456789ABCDEFGHIJKLMNOPQRSTUVWXYZ.txt
Running artifacts_device/templates_debug/templates_debug/crops/preproc_1765367689395.png psm=7 whitelist='ABCDEFGHIJKLMNOPQRSTUVWXYZ' -> artifacts_device/variants/preproc_1765367689395.png_psm7_wl_ABCDEFGHIJKLMNOPQRSTUVWXYZ.txt
Running artifacts_device/templates_debug/templates_debug/crops/preproc_1765367689395.png psm=11 whitelist='' -> artifacts_device/variants/preproc_1765367689395.png_psm11_wl_all.txt
Running artifacts_device/templates_debug/templates_debug/crops/preproc_1765367689395.png psm=11 whitelist='0123456789' -> artifacts_device/variants/preproc_1765367689395.png_psm11_wl_0123456789.txt
Running artifacts_device/templates_debug/templates_debug/crops/preproc_1765367689395.png psm=11 whitelist='0123456789ABCDEFGHIJKLMNOPQRSTUVWXYZ' -> artifacts_device/variants/preproc_1765367689395.png_psm11_wl_0123456789ABCDEFGHIJKLMNOPQRSTUVWXYZ.txt
Running artifacts_device/templates_debug/templates_debug/crops/preproc_1765367689395.png psm=11 whitelist='ABCDEFGHIJKLMNOPQRSTUVWXYZ' -> artifacts_device/variants/preproc_1765367689395.png_psm11_wl_ABCDEFGHIJKLMNOPQRSTUVWXYZ.txt
Running artifacts_device/templates_debug/templates_debug/crops/preproc_1765367855206.png psm=3 whitelist='' -> artifacts_device/variants/preproc_1765367855206.png_psm3_wl_all.txt
Running artifacts_device/templates_debug/templates_debug/crops/preproc_1765367855206.png psm=3 whitelist='0123456789' -> artifacts_device/variants/preproc_1765367855206.png_psm3_wl_0123456789.txt
Running artifacts_device/templates_debug/templates_debug/crops/preproc_1765367855206.png psm=3 whitelist='0123456789ABCDEFGHIJKLMNOPQRSTUVWXYZ' -> artifacts_device/variants/preproc_1765367855206.png_psm3_wl_0123456789ABCDEFGHIJKLMNOPQRSTUVWXYZ.txt
Running artifacts_device/templates_debug/templates_debug/crops/preproc_1765367855206.png psm=3 whitelist='ABCDEFGHIJKLMNOPQRSTUVWXYZ' -> artifacts_device/variants/preproc_1765367855206.png_psm3_wl_ABCDEFGHIJKLMNOPQRSTUVWXYZ.txt
Running artifacts_device/templates_debug/templates_debug/crops/preproc_1765367855206.png psm=6 whitelist='' -> artifacts_device/variants/preproc_1765367855206.png_psm6_wl_all.txt
Running artifacts_device/templates_debug/templates_debug/crops/preproc_1765367855206.png psm=6 whitelist='0123456789' -> artifacts_device/variants/preproc_1765367855206.png_psm6_wl_0123456789.txt
Running artifacts_device/templates_debug/templates_debug/crops/preproc_1765367855206.png psm=6 whitelist='0123456789ABCDEFGHIJKLMNOPQRSTUVWXYZ' -> artifacts_device/variants/preproc_1765367855206.png_psm6_wl_0123456789ABCDEFGHIJKLMNOPQRSTUVWXYZ.txt
Running artifacts_device/templates_debug/templates_debug/crops/preproc_1765367855206.png psm=6 whitelist='ABCDEFGHIJKLMNOPQRSTUVWXYZ' -> artifacts_device/variants/preproc_1765367855206.png_psm6_wl_ABCDEFGHIJKLMNOPQRSTUVWXYZ.txt
Running artifacts_device/templates_debug/templates_debug/crops/preproc_1765367855206.png psm=7 whitelist='' -> artifacts_device/variants/preproc_1765367855206.png_psm7_wl_all.txt
Running artifacts_device/templates_debug/templates_debug/crops/preproc_1765367855206.png psm=7 whitelist='0123456789' -> artifacts_device/variants/preproc_1765367855206.png_psm7_wl_0123456789.txt
Running artifacts_device/templates_debug/templates_debug/crops/preproc_1765367855206.png psm=7 whitelist='0123456789ABCDEFGHIJKLMNOPQRSTUVWXYZ' -> artifacts_device/variants/preproc_1765367855206.png_psm7_wl_0123456789ABCDEFGHIJKLMNOPQRSTUVWXYZ.txt
Running artifacts_device/templates_debug/templates_debug/crops/preproc_1765367855206.png psm=7 whitelist='ABCDEFGHIJKLMNOPQRSTUVWXYZ' -> artifacts_device/variants/preproc_1765367855206.png_psm7_wl_ABCDEFGHIJKLMNOPQRSTUVWXYZ.txt
Running artifacts_device/templates_debug/templates_debug/crops/preproc_1765367855206.png psm=11 whitelist='' -> artifacts_device/variants/preproc_1765367855206.png_psm11_wl_all.txt
Running artifacts_device/templates_debug/templates_debug/crops/preproc_1765367855206.png psm=11 whitelist='0123456789' -> artifacts_device/variants/preproc_1765367855206.png_psm11_wl_0123456789.txt
Running artifacts_device/templates_debug/templates_debug/crops/preproc_1765367855206.png psm=11 whitelist='0123456789ABCDEFGHIJKLMNOPQRSTUVWXYZ' -> artifacts_device/variants/preproc_1765367855206.png_psm11_wl_0123456789ABCDEFGHIJKLMNOPQRSTUVWXYZ.txt
Running artifacts_device/templates_debug/templates_debug/crops/preproc_1765367855206.png psm=11 whitelist='ABCDEFGHIJKLMNOPQRSTUVWXYZ' -> artifacts_device/variants/preproc_1765367855206.png_psm11_wl_ABCDEFGHIJKLMNOPQRSTUVWXYZ.txt
Variants written to artifacts_device/variants
